[ 2016-10-27T16:54:26+08:00 ] 127.0.0.1 /index.php/Admin/DeliverOrgSummary/table.css
ERR: 非法操作:table.css

[ 2016-10-27T17:15:36+08:00 ] 127.0.0.1 /index.php/Admin/Staff/edit.html?id=8?r=1477559736508
INFO: [ app_begin ] --START--
INFO: Run Behavior\ReadHtmlCacheBehavior [ RunTime:0.001000s ]
INFO: [ app_begin ] --END-- [ RunTime:0.002000s ]
INFO: [ action_begin ] --START--
INFO: Run Common\Behavior\MainBehavior [ RunTime:0.001000s ]
INFO: [ action_begin ] --END-- [ RunTime:0.001000s ]
NOTIC: [2] Invalid argument supplied for foreach() D:\xampp\htdocs\nlh_zdb\Application\Admin\Controller\BaseController.class.php 第 40 行.
NOTIC: [8] Undefined index: depot_list D:\xampp\htdocs\nlh_zdb\Application\Admin\Controller\BaseController.class.php 第 69 行.
NOTIC: [8] Undefined index: depot_parent D:\xampp\htdocs\nlh_zdb\Application\Admin\Controller\BaseController.class.php 第 70 行.
SQL: SHOW COLUMNS FROM `zdb_admin_user` [ RunTime:0.0040s ]
SQL: SELECT * FROM `zdb_admin_user` WHERE ( admin_id = 8 ) LIMIT 1   [ RunTime:0.0010s ]
SQL: SHOW COLUMNS FROM `zdb_depot_info` [ RunTime:0.0040s ]
SQL: SELECT * FROM `zdb_depot_info` WHERE `repertory_parent` = 0 ORDER BY repertory_id asc  [ RunTime:0.0020s ]
INFO: [ view_parse ] --START--
INFO: [ template_filter ] --START--
INFO: Run Behavior\ContentReplaceBehavior [ RunTime:0.001000s ]
INFO: [ template_filter ] --END-- [ RunTime:0.001000s ]
INFO: Run Behavior\ParseTemplateBehavior [ RunTime:0.109000s ]
INFO: [ view_parse ] --END-- [ RunTime:0.109000s ]
INFO: [ view_filter ] --START--
INFO: Run Behavior\WriteHtmlCacheBehavior [ RunTime:0.000000s ]
INFO: [ view_filter ] --END-- [ RunTime:0.000000s ]
INFO: [ app_end ] --START--
INFO: Run Behavior\ShowPageTraceBehavior [ RunTime:0.000000s ]
INFO: [ app_end ] --END-- [ RunTime:0.000000s ]

[ 2016-10-27T17:16:49+08:00 ] 127.0.0.1 /index.php/Admin/PresaleReturn/look/r/1477559809355?r=1477559809355&id=7
INFO: [ app_begin ] --START--
INFO: Run Behavior\ReadHtmlCacheBehavior [ RunTime:0.001000s ]
INFO: [ app_begin ] --END-- [ RunTime:0.001000s ]
INFO: [ action_begin ] --START--
INFO: Run Common\Behavior\MainBehavior [ RunTime:0.001000s ]
INFO: [ action_begin ] --END-- [ RunTime:0.001000s ]
NOTIC: [2] Invalid argument supplied for foreach() D:\xampp\htdocs\nlh_zdb\Application\Admin\Controller\BaseController.class.php 第 40 行.
NOTIC: [8] Undefined index: depot_list D:\xampp\htdocs\nlh_zdb\Application\Admin\Controller\BaseController.class.php 第 69 行.
NOTIC: [8] Undefined index: depot_parent D:\xampp\htdocs\nlh_zdb\Application\Admin\Controller\BaseController.class.php 第 70 行.
SQL: SHOW COLUMNS FROM `zdb_presale_return` [ RunTime:0.0040s ]
SQL: SELECT pr.*,ci.cust_name,ci.contact,ci.telephone as cust_tel,ci.address as cust_address,au.true_name,oi.org_name,di.repertory_name FROM zdb_presale_return pr left join zdb_customer_info as ci on pr.cust_id = ci.cust_id left join zdb_admin_user as au on pr.staff_id = au.admin_id left join zdb_depot_info as di on pr.repertory_id = di.repertory_id left join zdb_org_info as oi on pr.org_parent_id = oi.org_id  WHERE `return_id` = '7' ORDER BY pr.return_id desc LIMIT 1   [ RunTime:0.0230s ]
SQL: SHOW COLUMNS FROM `zdb_presale_return_goods` [ RunTime:0.0030s ]
SQL: SELECT prg.*,gi.goods_code,gi.goods_name FROM zdb_presale_return_goods prg left join zdb_goods_info as gi on prg.goods_id = gi.goods_id  WHERE `return_id` = '7' ORDER BY return_id desc  [ RunTime:0.0010s ]
INFO: [ view_parse ] --START--
INFO: [ template_filter ] --START--
INFO: Run Behavior\ContentReplaceBehavior [ RunTime:0.000000s ]
INFO: [ template_filter ] --END-- [ RunTime:0.000000s ]
NOTIC: [8] Undefined variable: order D:\xampp\htdocs\nlh_zdb\Runtime\Cache\Admin\67cbf8840fa7afaabf515e81174041f0.php 第 77 行.
NOTIC: [8] Undefined index: goods_spec D:\xampp\htdocs\nlh_zdb\Runtime\Cache\Admin\67cbf8840fa7afaabf515e81174041f0.php 第 98 行.
NOTIC: [8] Undefined index: order_remark D:\xampp\htdocs\nlh_zdb\Runtime\Cache\Admin\67cbf8840fa7afaabf515e81174041f0.php 第 103 行.
NOTIC: [8] Undefined index: goods_spec D:\xampp\htdocs\nlh_zdb\Runtime\Cache\Admin\67cbf8840fa7afaabf515e81174041f0.php 第 98 行.
NOTIC: [8] Undefined index: order_remark D:\xampp\htdocs\nlh_zdb\Runtime\Cache\Admin\67cbf8840fa7afaabf515e81174041f0.php 第 103 行.
INFO: Run Behavior\ParseTemplateBehavior [ RunTime:0.024000s ]
INFO: [ view_parse ] --END-- [ RunTime:0.024000s ]
INFO: [ view_filter ] --START--
INFO: Run Behavior\WriteHtmlCacheBehavior [ RunTime:0.000000s ]
INFO: [ view_filter ] --END-- [ RunTime:0.000000s ]
INFO: [ app_end ] --START--
INFO: Run Behavior\ShowPageTraceBehavior [ RunTime:0.000000s ]
INFO: [ app_end ] --END-- [ RunTime:0.000000s ]

[ 2016-10-27T17:23:13+08:00 ] 127.0.0.1 /index.php/Admin/PresaleOrder/look/r/1477560193109?r=1477560193109&id=108
INFO: [ app_begin ] --START--
INFO: Run Behavior\ReadHtmlCacheBehavior [ RunTime:0.000000s ]
INFO: [ app_begin ] --END-- [ RunTime:0.001000s ]
INFO: [ action_begin ] --START--
INFO: Run Common\Behavior\MainBehavior [ RunTime:0.002000s ]
INFO: [ action_begin ] --END-- [ RunTime:0.002000s ]
NOTIC: [2] Invalid argument supplied for foreach() D:\xampp\htdocs\nlh_zdb\Application\Admin\Controller\BaseController.class.php 第 40 行.
NOTIC: [8] Undefined index: depot_list D:\xampp\htdocs\nlh_zdb\Application\Admin\Controller\BaseController.class.php 第 69 行.
NOTIC: [8] Undefined index: depot_parent D:\xampp\htdocs\nlh_zdb\Application\Admin\Controller\BaseController.class.php 第 70 行.
SQL: SHOW COLUMNS FROM `zdb_presale_orders` [ RunTime:0.0040s ]
SQL: SELECT po.*,ci.cust_name,au.true_name,oi.org_name,di.repertory_name FROM zdb_presale_orders po left join zdb_customer_info as ci on po.cust_id = ci.cust_id left join zdb_admin_user as au on po.staff_id = au.admin_id left join zdb_depot_info as di on po.repertory_id = di.repertory_id left join zdb_org_info as oi on po.org_parent_id = oi.org_id  WHERE `order_id` = '108' ORDER BY po.order_id desc LIMIT 1   [ RunTime:0.0010s ]
SQL: SHOW COLUMNS FROM `zdb_presale_orders_goods` [ RunTime:0.0040s ]
SQL: SELECT pog.*,gi.goods_code,gi.goods_name FROM zdb_presale_orders_goods pog left join zdb_goods_info as gi on pog.goods_id = gi.goods_id  WHERE `order_id` = '108' ORDER BY order_id desc  [ RunTime:0.0010s ]
INFO: [ view_parse ] --START--
INFO: [ template_filter ] --START--
INFO: Run Behavior\ContentReplaceBehavior [ RunTime:0.000000s ]
INFO: [ template_filter ] --END-- [ RunTime:0.000000s ]
NOTIC: [8] Undefined index: sell_code D:\xampp\htdocs\nlh_zdb\Runtime\Cache\Admin\ef7d7199fda3b8f55e6a0a040231bf7e.php 第 25 行.
NOTIC: [8] Undefined index: o_driver D:\xampp\htdocs\nlh_zdb\Runtime\Cache\Admin\ef7d7199fda3b8f55e6a0a040231bf7e.php 第 78 行.
INFO: Run Behavior\ParseTemplateBehavior [ RunTime:0.033000s ]
INFO: [ view_parse ] --END-- [ RunTime:0.033000s ]
INFO: [ view_filter ] --START--
INFO: Run Behavior\WriteHtmlCacheBehavior [ RunTime:0.001000s ]
INFO: [ view_filter ] --END-- [ RunTime:0.001000s ]
INFO: [ app_end ] --START--
INFO: Run Behavior\ShowPageTraceBehavior [ RunTime:0.001000s ]
INFO: [ app_end ] --END-- [ RunTime:0.001000s ]

[ 2016-10-27T17:24:22+08:00 ] 127.0.0.1 /index.php/Admin/Area/detail/r/1477560262169?area_id=8&p=
INFO: [ app_begin ] --START--
INFO: Run Behavior\ReadHtmlCacheBehavior [ RunTime:0.001000s ]
INFO: [ app_begin ] --END-- [ RunTime:0.001000s ]
INFO: [ action_begin ] --START--
INFO: Run Common\Behavior\MainBehavior [ RunTime:0.000000s ]
INFO: [ action_begin ] --END-- [ RunTime:0.000000s ]
NOTIC: [2] Invalid argument supplied for foreach() D:\xampp\htdocs\nlh_zdb\Application\Admin\Controller\BaseController.class.php 第 40 行.
NOTIC: [8] Undefined index: depot_list D:\xampp\htdocs\nlh_zdb\Application\Admin\Controller\BaseController.class.php 第 69 行.
NOTIC: [8] Undefined index: depot_parent D:\xampp\htdocs\nlh_zdb\Application\Admin\Controller\BaseController.class.php 第 70 行.
SQL: SHOW COLUMNS FROM `zdb_depot_area` [ RunTime:0.0040s ]
SQL: SELECT * FROM `zdb_depot_area` WHERE `area_id` = 8 LIMIT 1   [ RunTime:0.0010s ]
SQL: SHOW COLUMNS FROM `zdb_depot_area_goods` [ RunTime:0.0030s ]
SQL: SELECT `goods_code`,`goods_name`,`goods_spec` FROM `zdb_depot_area_goods` INNER JOIN zdb_goods_info on zdb_goods_info.goods_id=zdb_depot_area_goods.goods_id  WHERE zdb_depot_area_goods.area_id = '8'  [ RunTime:0.0010s ]
INFO: [ view_parse ] --START--
INFO: [ template_filter ] --START--
INFO: Run Behavior\ContentReplaceBehavior [ RunTime:0.000000s ]
INFO: [ template_filter ] --END-- [ RunTime:0.000000s ]
NOTIC: [8] Undefined variable: org_list D:\xampp\htdocs\nlh_zdb\Runtime\Cache\Admin\b0f6bec987f2c3dae4ae5e202766da22.php 第 22 行.
NOTIC: [8] Undefined variable: res D:\xampp\htdocs\nlh_zdb\Runtime\Cache\Admin\b0f6bec987f2c3dae4ae5e202766da22.php 第 27 行.
NOTIC: [8] Undefined variable: depot_in_id D:\xampp\htdocs\nlh_zdb\Runtime\Cache\Admin\b0f6bec987f2c3dae4ae5e202766da22.php 第 135 行.
INFO: Run Behavior\ParseTemplateBehavior [ RunTime:0.030000s ]
INFO: [ view_parse ] --END-- [ RunTime:0.030000s ]
INFO: [ view_filter ] --START--
INFO: Run Behavior\WriteHtmlCacheBehavior [ RunTime:0.001000s ]
INFO: [ view_filter ] --END-- [ RunTime:0.001000s ]
INFO: [ app_end ] --START--
INFO: Run Behavior\ShowPageTraceBehavior [ RunTime:0.000000s ]
INFO: [ app_end ] --END-- [ RunTime:0.000000s ]

[ 2016-10-27T17:24:24+08:00 ] 127.0.0.1 /index.php/Admin/Area/edit/r/1477560264770?area_id=12&p=
INFO: [ app_begin ] --START--
INFO: Run Behavior\ReadHtmlCacheBehavior [ RunTime:0.001000s ]
INFO: [ app_begin ] --END-- [ RunTime:0.001000s ]
INFO: [ action_begin ] --START--
INFO: Run Common\Behavior\MainBehavior [ RunTime:0.001000s ]
INFO: [ action_begin ] --END-- [ RunTime:0.001000s ]
NOTIC: [2] Invalid argument supplied for foreach() D:\xampp\htdocs\nlh_zdb\Application\Admin\Controller\BaseController.class.php 第 40 行.
NOTIC: [8] Undefined index: depot_list D:\xampp\htdocs\nlh_zdb\Application\Admin\Controller\BaseController.class.php 第 69 行.
NOTIC: [8] Undefined index: depot_parent D:\xampp\htdocs\nlh_zdb\Application\Admin\Controller\BaseController.class.php 第 70 行.
SQL: SHOW COLUMNS FROM `zdb_depot_area` [ RunTime:0.0040s ]
SQL: SELECT * FROM `zdb_depot_area` WHERE `area_id` = 12 LIMIT 1   [ RunTime:0.0010s ]
SQL: SHOW COLUMNS FROM `zdb_depot_info` [ RunTime:0.0030s ]
SQL: SELECT * FROM `zdb_depot_info` WHERE `repertory_parent` = 0 ORDER BY repertory_id asc  [ RunTime:0.0010s ]
INFO: [ view_parse ] --START--
INFO: [ template_filter ] --START--
INFO: Run Behavior\ContentReplaceBehavior [ RunTime:0.000000s ]
INFO: [ template_filter ] --END-- [ RunTime:0.000000s ]
INFO: Run Behavior\ParseTemplateBehavior [ RunTime:0.012000s ]
INFO: [ view_parse ] --END-- [ RunTime:0.012000s ]
INFO: [ view_filter ] --START--
INFO: Run Behavior\WriteHtmlCacheBehavior [ RunTime:0.000000s ]
INFO: [ view_filter ] --END-- [ RunTime:0.001000s ]
INFO: [ app_end ] --START--
INFO: Run Behavior\ShowPageTraceBehavior [ RunTime:0.001000s ]
INFO: [ app_end ] --END-- [ RunTime:0.001000s ]

[ 2016-10-27T17:24:27+08:00 ] 127.0.0.1 /index.php/Admin/Area/edit/r/1477560267192?area_id=11&p=
INFO: [ app_begin ] --START--
INFO: Run Behavior\ReadHtmlCacheBehavior [ RunTime:0.001000s ]
INFO: [ app_begin ] --END-- [ RunTime:0.001000s ]
INFO: [ action_begin ] --START--
INFO: Run Common\Behavior\MainBehavior [ RunTime:0.001000s ]
INFO: [ action_begin ] --END-- [ RunTime:0.001000s ]
NOTIC: [2] Invalid argument supplied for foreach() D:\xampp\htdocs\nlh_zdb\Application\Admin\Controller\BaseController.class.php 第 40 行.
NOTIC: [8] Undefined index: depot_list D:\xampp\htdocs\nlh_zdb\Application\Admin\Controller\BaseController.class.php 第 69 行.
NOTIC: [8] Undefined index: depot_parent D:\xampp\htdocs\nlh_zdb\Application\Admin\Controller\BaseController.class.php 第 70 行.
SQL: SHOW COLUMNS FROM `zdb_depot_area` [ RunTime:0.0040s ]
SQL: SELECT * FROM `zdb_depot_area` WHERE `area_id` = 11 LIMIT 1   [ RunTime:0.0010s ]
SQL: SHOW COLUMNS FROM `zdb_depot_info` [ RunTime:0.0040s ]
SQL: SELECT * FROM `zdb_depot_info` WHERE `repertory_parent` = 0 ORDER BY repertory_id asc  [ RunTime:0.0020s ]
INFO: [ view_parse ] --START--
INFO: [ template_filter ] --START--
INFO: Run Behavior\ContentReplaceBehavior [ RunTime:0.000000s ]
INFO: [ template_filter ] --END-- [ RunTime:0.000000s ]
INFO: Run Behavior\ParseTemplateBehavior [ RunTime:0.021000s ]
INFO: [ view_parse ] --END-- [ RunTime:0.021000s ]
INFO: [ view_filter ] --START--
INFO: Run Behavior\WriteHtmlCacheBehavior [ RunTime:0.001000s ]
INFO: [ view_filter ] --END-- [ RunTime:0.001000s ]
INFO: [ app_end ] --START--
INFO: Run Behavior\ShowPageTraceBehavior [ RunTime:0.001000s ]
INFO: [ app_end ] --END-- [ RunTime:0.001000s ]

[ 2016-10-27T17:25:05+08:00 ] 127.0.0.1 /index.php/Admin/Area/edit/r/1477560305817?area_id=12&p=
INFO: [ app_begin ] --START--
INFO: Run Behavior\ReadHtmlCacheBehavior [ RunTime:0.001000s ]
INFO: [ app_begin ] --END-- [ RunTime:0.002000s ]
INFO: [ action_begin ] --START--
INFO: Run Common\Behavior\MainBehavior [ RunTime:0.001000s ]
INFO: [ action_begin ] --END-- [ RunTime:0.001000s ]
NOTIC: [2] Invalid argument supplied for foreach() D:\xampp\htdocs\nlh_zdb\Application\Admin\Controller\BaseController.class.php 第 40 行.
NOTIC: [8] Undefined index: depot_list D:\xampp\htdocs\nlh_zdb\Application\Admin\Controller\BaseController.class.php 第 69 行.
NOTIC: [8] Undefined index: depot_parent D:\xampp\htdocs\nlh_zdb\Application\Admin\Controller\BaseController.class.php 第 70 行.
SQL: SHOW COLUMNS FROM `zdb_depot_area` [ RunTime:0.0040s ]
SQL: SELECT * FROM `zdb_depot_area` WHERE `area_id` = 12 LIMIT 1   [ RunTime:0.0010s ]
SQL: SHOW COLUMNS FROM `zdb_depot_info` [ RunTime:0.0030s ]
SQL: SELECT * FROM `zdb_depot_info` WHERE `repertory_parent` = 0 ORDER BY repertory_id asc  [ RunTime:0.0010s ]
INFO: [ view_parse ] --START--
INFO: [ template_filter ] --START--
INFO: Run Behavior\ContentReplaceBehavior [ RunTime:0.000000s ]
INFO: [ template_filter ] --END-- [ RunTime:0.000000s ]
INFO: Run Behavior\ParseTemplateBehavior [ RunTime:0.011000s ]
INFO: [ view_parse ] --END-- [ RunTime:0.011000s ]
INFO: [ view_filter ] --START--
INFO: Run Behavior\WriteHtmlCacheBehavior [ RunTime:0.000000s ]
INFO: [ view_filter ] --END-- [ RunTime:0.000000s ]
INFO: [ app_end ] --START--
INFO: Run Behavior\ShowPageTraceBehavior [ RunTime:0.000000s ]
INFO: [ app_end ] --END-- [ RunTime:0.001000s ]

[ 2016-10-27T17:26:21+08:00 ] 127.0.0.1 /index.php/Admin/Role/setting.html?r=1477560381671&role_id=2
INFO: [ app_begin ] --START--
INFO: Run Behavior\ReadHtmlCacheBehavior [ RunTime:0.001000s ]
INFO: [ app_begin ] --END-- [ RunTime:0.002000s ]
INFO: [ action_begin ] --START--
INFO: Run Common\Behavior\MainBehavior [ RunTime:0.001000s ]
INFO: [ action_begin ] --END-- [ RunTime:0.001000s ]
NOTIC: [2] Invalid argument supplied for foreach() D:\xampp\htdocs\nlh_zdb\Application\Admin\Controller\BaseController.class.php 第 40 行.
NOTIC: [8] Undefined index: depot_list D:\xampp\htdocs\nlh_zdb\Application\Admin\Controller\BaseController.class.php 第 69 行.
NOTIC: [8] Undefined index: depot_parent D:\xampp\htdocs\nlh_zdb\Application\Admin\Controller\BaseController.class.php 第 70 行.
SQL: SHOW COLUMNS FROM `zdb_menu` [ RunTime:0.0040s ]
SQL: SELECT * FROM `zdb_menu` WHERE `status` = 1  [ RunTime:0.0020s ]
SQL: SHOW COLUMNS FROM `zdb_depot_info` [ RunTime:0.0000s ]
SQL: SELECT * FROM `zdb_depot_info` WHERE `repertory_parent` = 0 ORDER BY repertory_id asc  [ RunTime:0.0000s ]
INFO: [ view_parse ] --START--
INFO: [ template_filter ] --START--
INFO: Run Behavior\ContentReplaceBehavior [ RunTime:0.000000s ]
INFO: [ template_filter ] --END-- [ RunTime:0.000000s ]
INFO: Run Behavior\ParseTemplateBehavior [ RunTime:0.062400s ]
INFO: [ view_parse ] --END-- [ RunTime:0.062400s ]
INFO: [ view_filter ] --START--
INFO: Run Behavior\WriteHtmlCacheBehavior [ RunTime:0.015600s ]
INFO: [ view_filter ] --END-- [ RunTime:0.015600s ]
INFO: [ app_end ] --START--
INFO: Run Behavior\ShowPageTraceBehavior [ RunTime:0.000000s ]
INFO: [ app_end ] --END-- [ RunTime:0.000000s ]

[ 2016-10-27T17:26:21+08:00 ] 127.0.0.1 /index.php/Admin/Role/getMenuIds.html?depot_id=1&role_id=2
INFO: [ app_begin ] --START--
INFO: Run Behavior\ReadHtmlCacheBehavior [ RunTime:0.000000s ]
INFO: [ app_begin ] --END-- [ RunTime:0.001000s ]
INFO: [ action_begin ] --START--
INFO: Run Common\Behavior\MainBehavior [ RunTime:0.001000s ]
INFO: [ action_begin ] --END-- [ RunTime:0.001000s ]
NOTIC: [8] Undefined index: depot_list D:\xampp\htdocs\nlh_zdb\Application\Admin\Controller\BaseController.class.php 第 69 行.
NOTIC: [8] Undefined index: depot_parent D:\xampp\htdocs\nlh_zdb\Application\Admin\Controller\BaseController.class.php 第 70 行.
SQL: SHOW COLUMNS FROM `zdb_admin_access` [ RunTime:0.0040s ]
SQL: SELECT `menus` FROM `zdb_admin_access` WHERE `depot_id` = 1 AND `role_id` = 2 LIMIT 1   [ RunTime:0.0010s ]

[ 2016-10-27T17:26:29+08:00 ] 127.0.0.1 /index.php/Admin/Role/setting.html?r=1477560389650&role_id=1
INFO: [ app_begin ] --START--
INFO: Run Behavior\ReadHtmlCacheBehavior [ RunTime:0.000000s ]
INFO: [ app_begin ] --END-- [ RunTime:0.001000s ]
INFO: [ action_begin ] --START--
INFO: Run Common\Behavior\MainBehavior [ RunTime:0.002000s ]
INFO: [ action_begin ] --END-- [ RunTime:0.002000s ]
NOTIC: [8] Undefined index: depot_list D:\xampp\htdocs\nlh_zdb\Application\Admin\Controller\BaseController.class.php 第 69 行.
NOTIC: [8] Undefined index: depot_parent D:\xampp\htdocs\nlh_zdb\Application\Admin\Controller\BaseController.class.php 第 70 行.
SQL: SHOW COLUMNS FROM `zdb_depot_info` [ RunTime:0.0030s ]
SQL: SELECT * FROM `zdb_depot_info` WHERE `repertory_parent` = 0 ORDER BY repertory_id asc  [ RunTime:0.0010s ]
INFO: [ view_parse ] --START--
INFO: [ template_filter ] --START--
INFO: Run Behavior\ContentReplaceBehavior [ RunTime:0.000000s ]
INFO: [ template_filter ] --END-- [ RunTime:0.000000s ]
INFO: Run Behavior\ParseTemplateBehavior [ RunTime:0.011000s ]
INFO: [ view_parse ] --END-- [ RunTime:0.011000s ]
INFO: [ view_filter ] --START--
INFO: Run Behavior\WriteHtmlCacheBehavior [ RunTime:0.001000s ]
INFO: [ view_filter ] --END-- [ RunTime:0.001000s ]
INFO: [ app_end ] --START--
INFO: Run Behavior\ShowPageTraceBehavior [ RunTime:0.001000s ]
INFO: [ app_end ] --END-- [ RunTime:0.001000s ]

[ 2016-10-27T17:26:29+08:00 ] 127.0.0.1 /index.php/Admin/Role/getMenuIds.html?depot_id=1&role_id=1
INFO: [ app_begin ] --START--
INFO: Run Behavior\ReadHtmlCacheBehavior [ RunTime:0.001000s ]
INFO: [ app_begin ] --END-- [ RunTime:0.001000s ]
INFO: [ action_begin ] --START--
INFO: Run Common\Behavior\MainBehavior [ RunTime:0.000000s ]
INFO: [ action_begin ] --END-- [ RunTime:0.000000s ]
NOTIC: [8] Undefined index: depot_list D:\xampp\htdocs\nlh_zdb\Application\Admin\Controller\BaseController.class.php 第 69 行.
NOTIC: [8] Undefined index: depot_parent D:\xampp\htdocs\nlh_zdb\Application\Admin\Controller\BaseController.class.php 第 70 行.
SQL: SHOW COLUMNS FROM `zdb_admin_access` [ RunTime:0.0040s ]
SQL: SELECT `menus` FROM `zdb_admin_access` WHERE `depot_id` = 1 AND `role_id` = 1 LIMIT 1   [ RunTime:0.0020s ]

[ 2016-10-27T17:46:00+08:00 ] 127.0.0.1 /index.php/Admin/PresaleSummary/selectShop?r=1477561559953
INFO: [ app_begin ] --START--
INFO: Run Behavior\ReadHtmlCacheBehavior [ RunTime:0.000000s ]
INFO: [ app_begin ] --END-- [ RunTime:0.000000s ]
INFO: [ action_begin ] --START--
INFO: Run Common\Behavior\MainBehavior [ RunTime:0.000000s ]
INFO: [ action_begin ] --END-- [ RunTime:0.000000s ]
NOTIC: [8] Undefined index: depot_list D:\xampp\htdocs\nlh_zdb\Application\Admin\Controller\BaseController.class.php 第 69 行.
NOTIC: [8] Undefined index: depot_parent D:\xampp\htdocs\nlh_zdb\Application\Admin\Controller\BaseController.class.php 第 70 行.
SQL: SHOW COLUMNS FROM `zdb_customer_info` [ RunTime:0.0080s ]
SQL: SELECT * FROM `zdb_customer_info` WHERE `repertory_id` = 0  [ RunTime:0.0060s ]
INFO: [ view_parse ] --START--
INFO: [ template_filter ] --START--
INFO: Run Behavior\ContentReplaceBehavior [ RunTime:0.000000s ]
INFO: [ template_filter ] --END-- [ RunTime:0.000000s ]
NOTIC: [8] Undefined variable: param D:\xampp\htdocs\nlh_zdb\Runtime\Cache\Admin\23fd4031e2f3198b8e857ea8233b0bd4.php 第 45 行.
NOTIC: [8] Undefined variable: param D:\xampp\htdocs\nlh_zdb\Runtime\Cache\Admin\23fd4031e2f3198b8e857ea8233b0bd4.php 第 45 行.
INFO: Run Behavior\ParseTemplateBehavior [ RunTime:0.026000s ]
INFO: [ view_parse ] --END-- [ RunTime:0.026000s ]
INFO: [ view_filter ] --START--
INFO: Run Behavior\WriteHtmlCacheBehavior [ RunTime:0.001000s ]
INFO: [ view_filter ] --END-- [ RunTime:0.001000s ]
INFO: [ app_end ] --START--
INFO: Run Behavior\ShowPageTraceBehavior [ RunTime:0.000000s ]
INFO: [ app_end ] --END-- [ RunTime:0.000000s ]

[ 2016-10-27T17:47:21+08:00 ] 127.0.0.1 /index.php/Admin/PresaleSummary/selectShop?r=1477561641274
INFO: [ app_begin ] --START--
INFO: Run Behavior\ReadHtmlCacheBehavior [ RunTime:0.001000s ]
INFO: [ app_begin ] --END-- [ RunTime:0.002000s ]
INFO: [ action_begin ] --START--
INFO: Run Common\Behavior\MainBehavior [ RunTime:0.002000s ]
INFO: [ action_begin ] --END-- [ RunTime:0.002000s ]
NOTIC: [8] Undefined index: depot_list D:\xampp\htdocs\nlh_zdb\Application\Admin\Controller\BaseController.class.php 第 69 行.
NOTIC: [8] Undefined index: depot_parent D:\xampp\htdocs\nlh_zdb\Application\Admin\Controller\BaseController.class.php 第 70 行.
SQL: SHOW COLUMNS FROM `zdb_customer_info` [ RunTime:0.0080s ]
SQL: SELECT * FROM `zdb_customer_info` WHERE `repertory_id` = 0  [ RunTime:0.0060s ]
INFO: [ view_parse ] --START--
INFO: [ template_filter ] --START--
INFO: Run Behavior\ContentReplaceBehavior [ RunTime:0.000000s ]
INFO: [ template_filter ] --END-- [ RunTime:0.000000s ]
NOTIC: [8] Undefined variable: param D:\xampp\htdocs\nlh_zdb\Runtime\Cache\Admin\23fd4031e2f3198b8e857ea8233b0bd4.php 第 45 行.
NOTIC: [8] Undefined variable: param D:\xampp\htdocs\nlh_zdb\Runtime\Cache\Admin\23fd4031e2f3198b8e857ea8233b0bd4.php 第 45 行.
INFO: Run Behavior\ParseTemplateBehavior [ RunTime:0.010000s ]
INFO: [ view_parse ] --END-- [ RunTime:0.010000s ]
INFO: [ view_filter ] --START--
INFO: Run Behavior\WriteHtmlCacheBehavior [ RunTime:0.001000s ]
INFO: [ view_filter ] --END-- [ RunTime:0.001000s ]
INFO: [ app_end ] --START--
INFO: Run Behavior\ShowPageTraceBehavior [ RunTime:0.000000s ]
INFO: [ app_end ] --END-- [ RunTime:0.000000s ]

[ 2016-10-27T17:50:38+08:00 ] 127.0.0.1 /index.php/Admin/PurchaseOrder/set_staff/id/14?r=1477561838425
INFO: [ app_begin ] --START--
INFO: Run Behavior\ReadHtmlCacheBehavior [ RunTime:0.000000s ]
INFO: [ app_begin ] --END-- [ RunTime:0.000000s ]
INFO: [ action_begin ] --START--
INFO: Run Common\Behavior\MainBehavior [ RunTime:0.000000s ]
INFO: [ action_begin ] --END-- [ RunTime:0.000000s ]
NOTIC: [8] Undefined index: depot_list D:\xampp\htdocs\nlh_zdb\Application\Admin\Controller\BaseController.class.php 第 69 行.
NOTIC: [8] Undefined index: depot_parent D:\xampp\htdocs\nlh_zdb\Application\Admin\Controller\BaseController.class.php 第 70 行.
SQL: SHOW COLUMNS FROM `zdb_purchase_orders` [ RunTime:0.0000s ]
SQL: SELECT * FROM `zdb_purchase_orders` WHERE `order_id` = 14 LIMIT 1   [ RunTime:0.0396s ]
SQL: SHOW COLUMNS FROM `zdb_admin_user` [ RunTime:0.0070s ]
SQL: SELECT admin_id as staff_id,true_name as staff_name FROM `zdb_admin_user` WHERE ( depot_id=1 and role_id =6 )  [ RunTime:0.0010s ]
INFO: [ view_parse ] --START--
INFO: [ template_filter ] --START--
INFO: Run Behavior\ContentReplaceBehavior [ RunTime:0.000000s ]
INFO: [ template_filter ] --END-- [ RunTime:0.000000s ]
INFO: Run Behavior\ParseTemplateBehavior [ RunTime:0.029000s ]
INFO: [ view_parse ] --END-- [ RunTime:0.029000s ]
INFO: [ view_filter ] --START--
INFO: Run Behavior\WriteHtmlCacheBehavior [ RunTime:0.000000s ]
INFO: [ view_filter ] --END-- [ RunTime:0.000000s ]
INFO: [ app_end ] --START--
INFO: Run Behavior\ShowPageTraceBehavior [ RunTime:0.000000s ]
INFO: [ app_end ] --END-- [ RunTime:0.000000s ]

[ 2016-10-27T17:54:58+08:00 ] 127.0.0.1 /index.php/Admin/DepotIn/show?r=1477562097902&depot_in_id=11
INFO: [ app_begin ] --START--
INFO: Run Behavior\ReadHtmlCacheBehavior [ RunTime:0.001000s ]
INFO: [ app_begin ] --END-- [ RunTime:0.001000s ]
INFO: [ action_begin ] --START--
INFO: Run Common\Behavior\MainBehavior [ RunTime:0.001000s ]
INFO: [ action_begin ] --END-- [ RunTime:0.001000s ]
NOTIC: [8] Undefined index: depot_list D:\xampp\htdocs\nlh_zdb\Application\Admin\Controller\BaseController.class.php 第 69 行.
NOTIC: [8] Undefined index: depot_parent D:\xampp\htdocs\nlh_zdb\Application\Admin\Controller\BaseController.class.php 第 70 行.
SQL: SHOW COLUMNS FROM `zdb_depot_in` [ RunTime:0.0080s ]
SQL: SELECT * FROM `zdb_depot_in` WHERE `depot_in_id` = 11 LIMIT 1   [ RunTime:0.0020s ]
SQL: SHOW COLUMNS FROM `zdb_admin_user` [ RunTime:0.0070s ]
SQL: SELECT `true_name` FROM `zdb_admin_user` WHERE ( admin_id=2 ) LIMIT 1   [ RunTime:0.0010s ]
SQL: SHOW COLUMNS FROM `zdb_depot_in_goods` [ RunTime:0.0060s ]
SQL: SELECT zdb_goods_info.goods_code,zdb_depot_in_goods.*,zdb_depot_area.area_name FROM `zdb_depot_in_goods` INNER JOIN zdb_goods_info on zdb_goods_info.goods_id=zdb_depot_in_goods.goods_id left join zdb_depot_area_goods on zdb_goods_info.goods_id=zdb_depot_area_goods.goods_id left join zdb_depot_area on zdb_depot_area.area_id=zdb_depot_area_goods.area_id  WHERE `depot_in_id` = '11'  [ RunTime:0.0010s ]
SQL: SHOW COLUMNS FROM `zdb_goods_product` [ RunTime:0.0070s ]
SQL: SELECT * FROM `zdb_goods_product` WHERE `goods_id` = 1  [ RunTime:0.0010s ]
SQL: SHOW COLUMNS FROM `zdb_org_info` [ RunTime:0.0080s ]
SQL: SELECT * FROM `zdb_org_info` ORDER BY org_id asc  [ RunTime:0.0020s ]
SQL: SHOW COLUMNS FROM `zdb_goods_brand` [ RunTime:0.0050s ]
SQL: SELECT `brand_id`,`brand_name` FROM `zdb_goods_brand`  [ RunTime:0.0000s ]
SQL: SHOW COLUMNS FROM `zdb_depot_info` [ RunTime:0.0000s ]
SQL: SELECT * FROM `zdb_depot_info` WHERE `repertory_parent` = 0 ORDER BY repertory_id asc  [ RunTime:0.0000s ]
SQL: SELECT * FROM `zdb_depot_info` WHERE ( repertory_parent = 1 ) ORDER BY repertory_id asc  [ RunTime:0.0000s ]
SQL: SELECT * FROM `zdb_depot_info` WHERE ( repertory_parent = 2 ) ORDER BY repertory_id asc  [ RunTime:0.0156s ]
NOTIC: [8] Undefined index: print D:\xampp\htdocs\nlh_zdb\Application\Admin\Controller\DepotInController.class.php 第 381 行.
INFO: [ view_parse ] --START--
INFO: [ template_filter ] --START--
INFO: Run Behavior\ContentReplaceBehavior [ RunTime:0.000000s ]
INFO: [ template_filter ] --END-- [ RunTime:0.000000s ]
NOTIC: [8] Undefined index: json D:\xampp\htdocs\nlh_zdb\Runtime\Cache\Admin\fca71a56c6fd1ff0fd83462c420c40a1.php 第 80 行.
INFO: Run Behavior\ParseTemplateBehavior [ RunTime:0.062400s ]
INFO: [ view_parse ] --END-- [ RunTime:0.062400s ]
INFO: [ view_filter ] --START--
INFO: Run Behavior\WriteHtmlCacheBehavior [ RunTime:0.000000s ]
INFO: [ view_filter ] --END-- [ RunTime:0.000000s ]
INFO: [ app_end ] --START--
INFO: Run Behavior\ShowPageTraceBehavior [ RunTime:0.000000s ]
INFO: [ app_end ] --END-- [ RunTime:0.000000s ]

