[ 2016-10-25T09:53:47+08:00 ] 127.0.0.1 /index.php/Admin/Dealer/edit?r=1477360427739&org_id=1
INFO: [ app_begin ] --START--
INFO: Run Behavior\ReadHtmlCacheBehavior [ RunTime:0.001000s ]
INFO: [ app_begin ] --END-- [ RunTime:0.001000s ]
INFO: [ action_begin ] --START--
INFO: Run Common\Behavior\MainBehavior [ RunTime:0.001000s ]
INFO: [ action_begin ] --END-- [ RunTime:0.001000s ]
NOTIC: [2] Invalid argument supplied for foreach() D:\xampp\htdocs\nlh_zdb\Application\Admin\Controller\BaseController.class.php 第 40 行.
NOTIC: [8] Undefined index: depot_list D:\xampp\htdocs\nlh_zdb\Application\Admin\Controller\BaseController.class.php 第 69 行.
NOTIC: [8] Undefined index: depot_parent D:\xampp\htdocs\nlh_zdb\Application\Admin\Controller\BaseController.class.php 第 70 行.
SQL: SHOW COLUMNS FROM `zdb_org_info` [ RunTime:0.0070s ]
SQL: SELECT * FROM `zdb_org_info` WHERE `org_id` = 1 LIMIT 1   [ RunTime:0.0010s ]
SQL: SHOW COLUMNS FROM `zdb_depot_org` [ RunTime:0.0070s ]
SQL: SELECT * FROM `zdb_depot_org` WHERE `org_parent_id` = 1 AND `repertory_id` = 0 LIMIT 1   [ RunTime:0.0010s ]
INFO: [ view_parse ] --START--
INFO: [ template_filter ] --START--
INFO: Run Behavior\ContentReplaceBehavior [ RunTime:0.000000s ]
INFO: [ template_filter ] --END-- [ RunTime:0.000000s ]
INFO: Run Behavior\ParseTemplateBehavior [ RunTime:0.046000s ]
INFO: [ view_parse ] --END-- [ RunTime:0.046000s ]
INFO: [ view_filter ] --START--
INFO: Run Behavior\WriteHtmlCacheBehavior [ RunTime:0.000000s ]
INFO: [ view_filter ] --END-- [ RunTime:0.000000s ]
INFO: [ app_end ] --START--
INFO: Run Behavior\ShowPageTraceBehavior [ RunTime:0.001000s ]
INFO: [ app_end ] --END-- [ RunTime:0.001000s ]

[ 2016-10-25T09:58:37+08:00 ] 127.0.0.1 /index.php/Admin/DepotOut/show?r=1477360717691&depot_out_id=5
INFO: [ app_begin ] --START--
INFO: Run Behavior\ReadHtmlCacheBehavior [ RunTime:0.001000s ]
INFO: [ app_begin ] --END-- [ RunTime:0.001000s ]
INFO: [ action_begin ] --START--
INFO: Run Common\Behavior\MainBehavior [ RunTime:0.000000s ]
INFO: [ action_begin ] --END-- [ RunTime:0.001000s ]
NOTIC: [2] Invalid argument supplied for foreach() D:\xampp\htdocs\nlh_zdb\Application\Admin\Controller\BaseController.class.php 第 40 行.
NOTIC: [8] Undefined index: depot_list D:\xampp\htdocs\nlh_zdb\Application\Admin\Controller\BaseController.class.php 第 69 行.
NOTIC: [8] Undefined index: depot_parent D:\xampp\htdocs\nlh_zdb\Application\Admin\Controller\BaseController.class.php 第 70 行.
SQL: SHOW COLUMNS FROM `zdb_admin_user` [ RunTime:0.0070s ]
SQL: SELECT * FROM `zdb_admin_user` WHERE ( role_id=5 )  [ RunTime:0.0020s ]
SQL: SHOW COLUMNS FROM `zdb_depot_out` [ RunTime:0.0060s ]
SQL: SELECT * FROM `zdb_depot_out` WHERE `depot_out_id` = 5 LIMIT 1   [ RunTime:0.0010s ]
SQL: SELECT `true_name` FROM `zdb_admin_user` WHERE ( admin_id=1 ) LIMIT 1   [ RunTime:0.0010s ]
SQL: SHOW COLUMNS FROM `zdb_depot_out_goods` [ RunTime:0.0070s ]
SQL: SELECT zdb_goods_info.goods_code,zdb_depot_out_goods.*,zdb_depot_area.area_name FROM `zdb_depot_out_goods` INNER JOIN zdb_goods_info on zdb_goods_info.goods_id=zdb_depot_out_goods.goods_id left join zdb_depot_area_goods on zdb_goods_info.goods_id=zdb_depot_area_goods.goods_id left join zdb_depot_area on zdb_depot_area.area_id=zdb_depot_area_goods.area_id  WHERE `depot_out_id` = '5'  [ RunTime:0.0010s ]
SQL: SHOW COLUMNS FROM `zdb_goods_product` [ RunTime:0.0070s ]
SQL: SELECT * FROM `zdb_goods_product` WHERE `goods_id` = 3  [ RunTime:0.0020s ]
SQL: SELECT * FROM `zdb_goods_product` WHERE `goods_id` = 4  [ RunTime:0.0010s ]
SQL: SHOW COLUMNS FROM `zdb_org_info` [ RunTime:0.0070s ]
SQL: SELECT * FROM `zdb_org_info` ORDER BY org_id asc  [ RunTime:0.0010s ]
SQL: SHOW COLUMNS FROM `zdb_goods_brand` [ RunTime:0.0000s ]
SQL: SELECT `brand_id`,`brand_name` FROM `zdb_goods_brand`  [ RunTime:0.0000s ]
SQL: SHOW COLUMNS FROM `zdb_depot_info` [ RunTime:0.0156s ]
SQL: SELECT * FROM `zdb_depot_info` WHERE `repertory_parent` = 0 ORDER BY repertory_id asc  [ RunTime:0.0000s ]
SQL: SELECT * FROM `zdb_depot_info` WHERE ( repertory_parent = 1 ) ORDER BY repertory_id asc  [ RunTime:0.0000s ]
SQL: SELECT * FROM `zdb_depot_info` WHERE ( repertory_parent = 2 ) ORDER BY repertory_id asc  [ RunTime:0.0000s ]
NOTIC: [8] Undefined index: print D:\xampp\htdocs\nlh_zdb\Application\Admin\Controller\DepotOutController.class.php 第 289 行.
INFO: [ view_parse ] --START--
INFO: [ template_filter ] --START--
INFO: Run Behavior\ContentReplaceBehavior [ RunTime:0.000000s ]
INFO: [ template_filter ] --END-- [ RunTime:0.000000s ]
NOTIC: [8] Undefined index: json D:\xampp\htdocs\nlh_zdb\Runtime\Cache\Admin\0fcaf7bdbe32dccaa49addbdeaf2d92e.php 第 91 行.
NOTIC: [8] Undefined index: json D:\xampp\htdocs\nlh_zdb\Runtime\Cache\Admin\0fcaf7bdbe32dccaa49addbdeaf2d92e.php 第 91 行.
INFO: Run Behavior\ParseTemplateBehavior [ RunTime:0.046800s ]
INFO: [ view_parse ] --END-- [ RunTime:0.046800s ]
INFO: [ view_filter ] --START--
INFO: Run Behavior\WriteHtmlCacheBehavior [ RunTime:0.000000s ]
INFO: [ view_filter ] --END-- [ RunTime:0.000000s ]
INFO: [ app_end ] --START--
INFO: Run Behavior\ShowPageTraceBehavior [ RunTime:0.000000s ]
INFO: [ app_end ] --END-- [ RunTime:0.000000s ]

[ 2016-10-25T11:52:48+08:00 ] 127.0.0.1 /index.php/Admin/DepotOut/show?r=1477367568296&depot_out_id=5
INFO: [ app_begin ] --START--
INFO: Run Behavior\ReadHtmlCacheBehavior [ RunTime:0.001000s ]
INFO: [ app_begin ] --END-- [ RunTime:0.002000s ]
INFO: [ action_begin ] --START--
INFO: Run Common\Behavior\MainBehavior [ RunTime:0.001000s ]
INFO: [ action_begin ] --END-- [ RunTime:0.001000s ]
NOTIC: [2] Invalid argument supplied for foreach() D:\xampp\htdocs\nlh_zdb\Application\Admin\Controller\BaseController.class.php 第 40 行.
NOTIC: [8] Undefined index: depot_list D:\xampp\htdocs\nlh_zdb\Application\Admin\Controller\BaseController.class.php 第 69 行.
NOTIC: [8] Undefined index: depot_parent D:\xampp\htdocs\nlh_zdb\Application\Admin\Controller\BaseController.class.php 第 70 行.
SQL: SHOW COLUMNS FROM `zdb_admin_user` [ RunTime:0.0030s ]
SQL: SELECT * FROM `zdb_admin_user` WHERE ( role_id=5 )  [ RunTime:0.0020s ]
SQL: SHOW COLUMNS FROM `zdb_depot_out` [ RunTime:0.0030s ]
SQL: SELECT * FROM `zdb_depot_out` WHERE `depot_out_id` = 5 LIMIT 1   [ RunTime:0.0020s ]
SQL: SELECT `true_name` FROM `zdb_admin_user` WHERE ( admin_id=1 ) LIMIT 1   [ RunTime:0.0010s ]
SQL: SHOW COLUMNS FROM `zdb_depot_out_goods` [ RunTime:0.0040s ]
SQL: SELECT zdb_goods_info.goods_code,zdb_depot_out_goods.*,zdb_depot_area.area_name FROM `zdb_depot_out_goods` INNER JOIN zdb_goods_info on zdb_goods_info.goods_id=zdb_depot_out_goods.goods_id left join zdb_depot_area_goods on zdb_goods_info.goods_id=zdb_depot_area_goods.goods_id left join zdb_depot_area on zdb_depot_area.area_id=zdb_depot_area_goods.area_id  WHERE `depot_out_id` = '5'  [ RunTime:0.0020s ]
SQL: SHOW COLUMNS FROM `zdb_goods_product` [ RunTime:0.0030s ]
SQL: SELECT * FROM `zdb_goods_product` WHERE `goods_id` = 3  [ RunTime:0.0010s ]
SQL: SELECT * FROM `zdb_goods_product` WHERE `goods_id` = 4  [ RunTime:0.0020s ]
SQL: SHOW COLUMNS FROM `zdb_org_info` [ RunTime:0.0030s ]
SQL: SELECT * FROM `zdb_org_info` ORDER BY org_id asc  [ RunTime:0.0020s ]
SQL: SHOW COLUMNS FROM `zdb_goods_brand` [ RunTime:0.0030s ]
SQL: SELECT `brand_id`,`brand_name` FROM `zdb_goods_brand`  [ RunTime:0.0020s ]
SQL: SHOW COLUMNS FROM `zdb_depot_info` [ RunTime:0.0030s ]
SQL: SELECT * FROM `zdb_depot_info` WHERE `repertory_parent` = 0 ORDER BY repertory_id asc  [ RunTime:0.0000s ]
SQL: SELECT * FROM `zdb_depot_info` WHERE ( repertory_parent = 1 ) ORDER BY repertory_id asc  [ RunTime:0.0000s ]
SQL: SELECT * FROM `zdb_depot_info` WHERE ( repertory_parent = 2 ) ORDER BY repertory_id asc  [ RunTime:0.0000s ]
NOTIC: [8] Undefined index: print D:\xampp\htdocs\nlh_zdb\Application\Admin\Controller\DepotOutController.class.php 第 289 行.
INFO: [ view_parse ] --START--
INFO: [ template_filter ] --START--
INFO: Run Behavior\ContentReplaceBehavior [ RunTime:0.000000s ]
INFO: [ template_filter ] --END-- [ RunTime:0.000000s ]
NOTIC: [8] Undefined index: json D:\xampp\htdocs\nlh_zdb\Runtime\Cache\Admin\0fcaf7bdbe32dccaa49addbdeaf2d92e.php 第 91 行.
NOTIC: [8] Undefined index: json D:\xampp\htdocs\nlh_zdb\Runtime\Cache\Admin\0fcaf7bdbe32dccaa49addbdeaf2d92e.php 第 91 行.
INFO: Run Behavior\ParseTemplateBehavior [ RunTime:0.015600s ]
INFO: [ view_parse ] --END-- [ RunTime:0.015600s ]
INFO: [ view_filter ] --START--
INFO: Run Behavior\WriteHtmlCacheBehavior [ RunTime:0.000000s ]
INFO: [ view_filter ] --END-- [ RunTime:0.000000s ]
INFO: [ app_end ] --START--
INFO: Run Behavior\ShowPageTraceBehavior [ RunTime:0.000000s ]
INFO: [ app_end ] --END-- [ RunTime:0.000000s ]

