[ 2016-11-17T11:06:38+08:00 ] 127.0.0.1 /index.php/Admin/DepotOut/add?r=1479351998479
INFO: [ app_begin ] --START--
INFO: Run Behavior\ReadHtmlCacheBehavior [ RunTime:0.001000s ]
INFO: [ app_begin ] --END-- [ RunTime:0.001000s ]
INFO: [ action_begin ] --START--
INFO: Run Common\Behavior\MainBehavior [ RunTime:0.001000s ]
INFO: [ action_begin ] --END-- [ RunTime:0.001000s ]
NOTIC: [2] Invalid argument supplied for foreach() D:\xampp\htdocs\yiyao\Application\Admin\Controller\BaseController.class.php 第 40 行.
NOTIC: [8] Undefined index: depot_list D:\xampp\htdocs\yiyao\Application\Admin\Controller\BaseController.class.php 第 69 行.
NOTIC: [8] Undefined index: depot_parent D:\xampp\htdocs\yiyao\Application\Admin\Controller\BaseController.class.php 第 70 行.
NOTIC: [8] Undefined index: depot_list D:\xampp\htdocs\yiyao\Application\Admin\Controller\DepotOutController.class.php 第 86 行.
SQL: SHOW COLUMNS FROM `zdb_org_info` [ RunTime:0.0090s ]
SQL: SELECT * FROM `zdb_org_info` ORDER BY org_id asc  [ RunTime:0.0010s ]
SQL: SHOW COLUMNS FROM `zdb_goods_brand` [ RunTime:0.0090s ]
SQL: SELECT `brand_id`,`brand_name` FROM `zdb_goods_brand`  [ RunTime:0.0010s ]
SQL: SHOW COLUMNS FROM `zdb_depot_info` [ RunTime:0.0060s ]
SQL: SELECT * FROM `zdb_depot_info` WHERE `repertory_parent` = 0 ORDER BY repertory_id asc  [ RunTime:0.0010s ]
SQL: SELECT * FROM `zdb_depot_info` WHERE ( repertory_parent = 1 ) ORDER BY repertory_id asc  [ RunTime:0.0000s ]
SQL: SHOW COLUMNS FROM `zdb_admin_user` [ RunTime:0.0080s ]
SQL: SELECT * FROM `zdb_admin_user` WHERE ( role_id=5 )  [ RunTime:0.0310s ]
INFO: [ view_parse ] --START--
INFO: [ template_filter ] --START--
INFO: Run Behavior\ContentReplaceBehavior [ RunTime:0.000000s ]
INFO: [ template_filter ] --END-- [ RunTime:0.000000s ]
INFO: Run Behavior\ParseTemplateBehavior [ RunTime:0.021000s ]
INFO: [ view_parse ] --END-- [ RunTime:0.021000s ]
INFO: [ view_filter ] --START--
INFO: Run Behavior\WriteHtmlCacheBehavior [ RunTime:0.001000s ]
INFO: [ view_filter ] --END-- [ RunTime:0.001000s ]
INFO: [ app_end ] --START--
INFO: Run Behavior\ShowPageTraceBehavior [ RunTime:0.001000s ]
INFO: [ app_end ] --END-- [ RunTime:0.001000s ]

[ 2016-11-17T11:06:38+08:00 ] 127.0.0.1 /index.php/Admin/DepotIn/getBrandByOrg.html
INFO: [ app_begin ] --START--
INFO: Run Behavior\ReadHtmlCacheBehavior [ RunTime:0.000000s ]
INFO: [ app_begin ] --END-- [ RunTime:0.001000s ]
INFO: [ action_begin ] --START--
INFO: Run Common\Behavior\MainBehavior [ RunTime:0.001000s ]
INFO: [ action_begin ] --END-- [ RunTime:0.001000s ]
NOTIC: [2] Invalid argument supplied for foreach() D:\xampp\htdocs\yiyao\Application\Admin\Controller\BaseController.class.php 第 40 行.
NOTIC: [8] Undefined index: depot_list D:\xampp\htdocs\yiyao\Application\Admin\Controller\BaseController.class.php 第 69 行.
NOTIC: [8] Undefined index: depot_parent D:\xampp\htdocs\yiyao\Application\Admin\Controller\BaseController.class.php 第 70 行.
SQL: SHOW COLUMNS FROM `zdb_depot_stock` [ RunTime:0.0050s ]
SQL: SELECT distinct zdb_goods_brand.brand_id,zdb_goods_brand.brand_name FROM `zdb_depot_stock` INNER JOIN zdb_goods_info on zdb_goods_info.goods_id=zdb_depot_stock.goods_id INNER JOIN zdb_goods_brand on zdb_goods_brand.brand_id=zdb_goods_info.brand_id  WHERE zdb_depot_stock.org_parent_id = '1'  [ RunTime:0.0010s ]
INFO: [ app_end ] --START--
INFO: Run Behavior\ShowPageTraceBehavior [ RunTime:0.001000s ]
INFO: [ app_end ] --END-- [ RunTime:0.001000s ]

[ 2016-11-17T11:06:43+08:00 ] 127.0.0.1 /index.php/Admin/GoodsInfo/selGoods.html
INFO: [ app_begin ] --START--
INFO: Run Behavior\ReadHtmlCacheBehavior [ RunTime:0.002000s ]
INFO: [ app_begin ] --END-- [ RunTime:0.003000s ]
INFO: [ action_begin ] --START--
INFO: Run Common\Behavior\MainBehavior [ RunTime:0.000000s ]
INFO: [ action_begin ] --END-- [ RunTime:0.000000s ]
NOTIC: [2] Invalid argument supplied for foreach() D:\xampp\htdocs\yiyao\Application\Admin\Controller\BaseController.class.php 第 40 行.
NOTIC: [8] Undefined index: depot_list D:\xampp\htdocs\yiyao\Application\Admin\Controller\BaseController.class.php 第 69 行.
NOTIC: [8] Undefined index: depot_parent D:\xampp\htdocs\yiyao\Application\Admin\Controller\BaseController.class.php 第 70 行.
SQL: SHOW COLUMNS FROM `zdb_goods_info` [ RunTime:0.0156s ]
SQL: SHOW COLUMNS FROM `zdb_goods_product` [ RunTime:0.0872s ]
SQL: SELECT zdb_goods_info.*,zdb_depot_area.area_name as goods_area FROM `zdb_goods_info` left join zdb_depot_area_goods on zdb_goods_info.goods_id=zdb_depot_area_goods.goods_id left join zdb_depot_area on zdb_depot_area.area_id=zdb_depot_area_goods.area_id left join zdb_depot_stock as ds on zdb_goods_info.goods_id=ds.goods_id  WHERE `is_close` = 0 AND `brand_id` = '6' AND ds.org_parent_id = '1' AND ds.depot_id = '1'  [ RunTime:0.0664s ]
SQL: SELECT `cv_id`,`goods_unit`,`goods_unit_type` FROM `zdb_goods_product` WHERE ( goods_id=8 )  [ RunTime:0.0000s ]
SQL: SELECT `cv_id`,`goods_unit`,`goods_unit_type` FROM `zdb_goods_product` WHERE ( goods_id=9 )  [ RunTime:0.0000s ]
SQL: SELECT `cv_id`,`goods_unit`,`goods_unit_type` FROM `zdb_goods_product` WHERE ( goods_id=12 )  [ RunTime:0.0000s ]
SQL: SELECT `cv_id`,`goods_unit`,`goods_unit_type` FROM `zdb_goods_product` WHERE ( goods_id=13 )  [ RunTime:0.0000s ]

