[ 2016-11-14T09:50:24+08:00 ] ::1 /yiyao/index.php/Dealer/GoodsPrices/setPrice?r=1479088224620&cv_id=30
INFO: [ app_begin ] --START--
INFO: Run Behavior\ReadHtmlCacheBehavior [ RunTime:0.001000s ]
INFO: [ app_begin ] --END-- [ RunTime:0.001000s ]
INFO: [ action_begin ] --START--
INFO: Run Common\Behavior\MainBehavior [ RunTime:0.001000s ]
INFO: [ action_begin ] --END-- [ RunTime:0.001000s ]
SQL: SHOW COLUMNS FROM `zdb_org_goods_convert` [ RunTime:0.0070s ]
SQL: SELECT * FROM `zdb_org_goods_convert` WHERE `cv_id` = 30 AND `org_parent_id` = 1 LIMIT 1   [ RunTime:0.0010s ]
INFO: [ view_parse ] --START--
INFO: [ template_filter ] --START--
INFO: Run Behavior\ContentReplaceBehavior [ RunTime:0.000000s ]
INFO: [ template_filter ] --END-- [ RunTime:0.000000s ]
INFO: Run Behavior\ParseTemplateBehavior [ RunTime:0.021000s ]
INFO: [ view_parse ] --END-- [ RunTime:0.021000s ]
INFO: [ view_filter ] --START--
INFO: Run Behavior\WriteHtmlCacheBehavior [ RunTime:0.000000s ]
INFO: [ view_filter ] --END-- [ RunTime:0.000000s ]
INFO: [ app_end ] --START--
INFO: Run Behavior\ShowPageTraceBehavior [ RunTime:0.001000s ]
INFO: [ app_end ] --END-- [ RunTime:0.001000s ]

[ 2016-11-14T09:50:30+08:00 ] ::1 /yiyao/index.php/Dealer/GoodsPrices/setPriceEx
INFO: [ app_begin ] --START--
INFO: Run Behavior\ReadHtmlCacheBehavior [ RunTime:0.001000s ]
INFO: [ app_begin ] --END-- [ RunTime:0.001000s ]
INFO: [ action_begin ] --START--
INFO: Run Common\Behavior\MainBehavior [ RunTime:0.001000s ]
INFO: [ action_begin ] --END-- [ RunTime:0.001000s ]
SQL: SHOW COLUMNS FROM `zdb_org_goods_convert` [ RunTime:0.0050s ]
NOTIC: [2] Illegal offset type in isset or empty D:\xampp\htdocs\yiyao\ThinkPHP\Library\Think\Model.class.php 第 445 行.
SQL: UPDATE `zdb_org_goods_convert` SET `goods_base_price`='100',`goods_jin_price`='10' WHERE `org_parent_id` = 1 AND `cv_id` = 30 [ RunTime:0.0010s ]
INFO: [ app_end ] --START--
INFO: Run Behavior\ShowPageTraceBehavior [ RunTime:0.000000s ]
INFO: [ app_end ] --END-- [ RunTime:0.001000s ]

[ 2016-11-14T09:50:32+08:00 ] ::1 /yiyao/index.php/Dealer/GoodsPrices/setPrice?r=1479088232474&cv_id=31
INFO: [ app_begin ] --START--
INFO: Run Behavior\ReadHtmlCacheBehavior [ RunTime:0.000000s ]
INFO: [ app_begin ] --END-- [ RunTime:0.001000s ]
INFO: [ action_begin ] --START--
INFO: Run Common\Behavior\MainBehavior [ RunTime:0.001000s ]
INFO: [ action_begin ] --END-- [ RunTime:0.001000s ]
SQL: SHOW COLUMNS FROM `zdb_org_goods_convert` [ RunTime:0.0040s ]
SQL: SELECT * FROM `zdb_org_goods_convert` WHERE `cv_id` = 31 AND `org_parent_id` = 1 LIMIT 1   [ RunTime:0.0010s ]
INFO: [ view_parse ] --START--
INFO: [ template_filter ] --START--
INFO: Run Behavior\ContentReplaceBehavior [ RunTime:0.000000s ]
INFO: [ template_filter ] --END-- [ RunTime:0.000000s ]
INFO: Run Behavior\ParseTemplateBehavior [ RunTime:0.007000s ]
INFO: [ view_parse ] --END-- [ RunTime:0.007000s ]
INFO: [ view_filter ] --START--
INFO: Run Behavior\WriteHtmlCacheBehavior [ RunTime:0.000000s ]
INFO: [ view_filter ] --END-- [ RunTime:0.000000s ]
INFO: [ app_end ] --START--
INFO: Run Behavior\ShowPageTraceBehavior [ RunTime:0.001000s ]
INFO: [ app_end ] --END-- [ RunTime:0.001000s ]

[ 2016-11-14T09:50:37+08:00 ] ::1 /yiyao/index.php/Dealer/GoodsPrices/setPriceEx
INFO: [ app_begin ] --START--
INFO: Run Behavior\ReadHtmlCacheBehavior [ RunTime:0.001000s ]
INFO: [ app_begin ] --END-- [ RunTime:0.001000s ]
INFO: [ action_begin ] --START--
INFO: Run Common\Behavior\MainBehavior [ RunTime:0.001000s ]
INFO: [ action_begin ] --END-- [ RunTime:0.001000s ]
SQL: SHOW COLUMNS FROM `zdb_org_goods_convert` [ RunTime:0.0070s ]
NOTIC: [2] Illegal offset type in isset or empty D:\xampp\htdocs\yiyao\ThinkPHP\Library\Think\Model.class.php 第 445 行.
SQL: UPDATE `zdb_org_goods_convert` SET `goods_base_price`='100',`goods_jin_price`='10' WHERE `org_parent_id` = 1 AND `cv_id` = 31 [ RunTime:0.0010s ]
INFO: [ app_end ] --START--
INFO: Run Behavior\ShowPageTraceBehavior [ RunTime:0.001000s ]
INFO: [ app_end ] --END-- [ RunTime:0.001000s ]

[ 2016-11-14T09:50:41+08:00 ] ::1 /yiyao/index.php/Dealer/GoodsPrices/setPrice?r=1479088241091&cv_id=32
INFO: [ app_begin ] --START--
INFO: Run Behavior\ReadHtmlCacheBehavior [ RunTime:0.001000s ]
INFO: [ app_begin ] --END-- [ RunTime:0.001000s ]
INFO: [ action_begin ] --START--
INFO: Run Common\Behavior\MainBehavior [ RunTime:0.001000s ]
INFO: [ action_begin ] --END-- [ RunTime:0.001000s ]
SQL: SHOW COLUMNS FROM `zdb_org_goods_convert` [ RunTime:0.0050s ]
SQL: SELECT * FROM `zdb_org_goods_convert` WHERE `cv_id` = 32 AND `org_parent_id` = 1 LIMIT 1   [ RunTime:0.0010s ]
INFO: [ view_parse ] --START--
INFO: [ template_filter ] --START--
INFO: Run Behavior\ContentReplaceBehavior [ RunTime:0.000000s ]
INFO: [ template_filter ] --END-- [ RunTime:0.000000s ]
INFO: Run Behavior\ParseTemplateBehavior [ RunTime:0.006000s ]
INFO: [ view_parse ] --END-- [ RunTime:0.006000s ]
INFO: [ view_filter ] --START--
INFO: Run Behavior\WriteHtmlCacheBehavior [ RunTime:0.000000s ]
INFO: [ view_filter ] --END-- [ RunTime:0.000000s ]
INFO: [ app_end ] --START--
INFO: Run Behavior\ShowPageTraceBehavior [ RunTime:0.001000s ]
INFO: [ app_end ] --END-- [ RunTime:0.001000s ]

[ 2016-11-14T09:50:46+08:00 ] ::1 /yiyao/index.php/Dealer/GoodsPrices/setPriceEx
INFO: [ app_begin ] --START--
INFO: Run Behavior\ReadHtmlCacheBehavior [ RunTime:0.001000s ]
INFO: [ app_begin ] --END-- [ RunTime:0.001000s ]
INFO: [ action_begin ] --START--
INFO: Run Common\Behavior\MainBehavior [ RunTime:0.002000s ]
INFO: [ action_begin ] --END-- [ RunTime:0.002000s ]
SQL: SHOW COLUMNS FROM `zdb_org_goods_convert` [ RunTime:0.0070s ]
NOTIC: [2] Illegal offset type in isset or empty D:\xampp\htdocs\yiyao\ThinkPHP\Library\Think\Model.class.php 第 445 行.
SQL: UPDATE `zdb_org_goods_convert` SET `goods_base_price`='100',`goods_jin_price`='10' WHERE `org_parent_id` = 1 AND `cv_id` = 32 [ RunTime:0.0010s ]
INFO: [ app_end ] --START--
INFO: Run Behavior\ShowPageTraceBehavior [ RunTime:0.001000s ]
INFO: [ app_end ] --END-- [ RunTime:0.001000s ]

[ 2016-11-14T09:50:49+08:00 ] ::1 /yiyao/index.php/Dealer/GoodsPrices/setPrice?r=1479088249292&cv_id=33
INFO: [ app_begin ] --START--
INFO: Run Behavior\ReadHtmlCacheBehavior [ RunTime:0.001000s ]
INFO: [ app_begin ] --END-- [ RunTime:0.001000s ]
INFO: [ action_begin ] --START--
INFO: Run Common\Behavior\MainBehavior [ RunTime:0.000000s ]
INFO: [ action_begin ] --END-- [ RunTime:0.001000s ]
SQL: SHOW COLUMNS FROM `zdb_org_goods_convert` [ RunTime:0.0220s ]
SQL: SELECT * FROM `zdb_org_goods_convert` WHERE `cv_id` = 33 AND `org_parent_id` = 1 LIMIT 1   [ RunTime:0.0010s ]
INFO: [ view_parse ] --START--
INFO: [ template_filter ] --START--
INFO: Run Behavior\ContentReplaceBehavior [ RunTime:0.000000s ]
INFO: [ template_filter ] --END-- [ RunTime:0.000000s ]
INFO: Run Behavior\ParseTemplateBehavior [ RunTime:0.007000s ]
INFO: [ view_parse ] --END-- [ RunTime:0.007000s ]
INFO: [ view_filter ] --START--
INFO: Run Behavior\WriteHtmlCacheBehavior [ RunTime:0.001000s ]
INFO: [ view_filter ] --END-- [ RunTime:0.001000s ]
INFO: [ app_end ] --START--
INFO: Run Behavior\ShowPageTraceBehavior [ RunTime:0.001000s ]
INFO: [ app_end ] --END-- [ RunTime:0.001000s ]

[ 2016-11-14T09:50:54+08:00 ] ::1 /yiyao/index.php/Dealer/GoodsPrices/setPriceEx
INFO: [ app_begin ] --START--
INFO: Run Behavior\ReadHtmlCacheBehavior [ RunTime:0.001000s ]
INFO: [ app_begin ] --END-- [ RunTime:0.001000s ]
INFO: [ action_begin ] --START--
INFO: Run Common\Behavior\MainBehavior [ RunTime:0.001000s ]
INFO: [ action_begin ] --END-- [ RunTime:0.001000s ]
SQL: SHOW COLUMNS FROM `zdb_org_goods_convert` [ RunTime:0.0060s ]
NOTIC: [2] Illegal offset type in isset or empty D:\xampp\htdocs\yiyao\ThinkPHP\Library\Think\Model.class.php 第 445 行.
SQL: UPDATE `zdb_org_goods_convert` SET `goods_base_price`='100',`goods_jin_price`='10' WHERE `org_parent_id` = 1 AND `cv_id` = 33 [ RunTime:0.0010s ]
INFO: [ app_end ] --START--
INFO: Run Behavior\ShowPageTraceBehavior [ RunTime:0.000000s ]
INFO: [ app_end ] --END-- [ RunTime:0.000000s ]

[ 2016-11-14T09:50:56+08:00 ] ::1 /yiyao/index.php/Dealer/GoodsPrices/setPrice?r=1479088256852&cv_id=34
INFO: [ app_begin ] --START--
INFO: Run Behavior\ReadHtmlCacheBehavior [ RunTime:0.000000s ]
INFO: [ app_begin ] --END-- [ RunTime:0.001000s ]
INFO: [ action_begin ] --START--
INFO: Run Common\Behavior\MainBehavior [ RunTime:0.001000s ]
INFO: [ action_begin ] --END-- [ RunTime:0.001000s ]
SQL: SHOW COLUMNS FROM `zdb_org_goods_convert` [ RunTime:0.0050s ]
SQL: SELECT * FROM `zdb_org_goods_convert` WHERE `cv_id` = 34 AND `org_parent_id` = 1 LIMIT 1   [ RunTime:0.0010s ]
INFO: [ view_parse ] --START--
INFO: [ template_filter ] --START--
INFO: Run Behavior\ContentReplaceBehavior [ RunTime:0.000000s ]
INFO: [ template_filter ] --END-- [ RunTime:0.000000s ]
INFO: Run Behavior\ParseTemplateBehavior [ RunTime:0.006000s ]
INFO: [ view_parse ] --END-- [ RunTime:0.006000s ]
INFO: [ view_filter ] --START--
INFO: Run Behavior\WriteHtmlCacheBehavior [ RunTime:0.001000s ]
INFO: [ view_filter ] --END-- [ RunTime:0.001000s ]
INFO: [ app_end ] --START--
INFO: Run Behavior\ShowPageTraceBehavior [ RunTime:0.000000s ]
INFO: [ app_end ] --END-- [ RunTime:0.000000s ]

[ 2016-11-14T09:51:02+08:00 ] ::1 /yiyao/index.php/Dealer/GoodsPrices/setPriceEx
INFO: [ app_begin ] --START--
INFO: Run Behavior\ReadHtmlCacheBehavior [ RunTime:0.001000s ]
INFO: [ app_begin ] --END-- [ RunTime:0.001000s ]
INFO: [ action_begin ] --START--
INFO: Run Common\Behavior\MainBehavior [ RunTime:0.001000s ]
INFO: [ action_begin ] --END-- [ RunTime:0.001000s ]
SQL: SHOW COLUMNS FROM `zdb_org_goods_convert` [ RunTime:0.0050s ]
NOTIC: [2] Illegal offset type in isset or empty D:\xampp\htdocs\yiyao\ThinkPHP\Library\Think\Model.class.php 第 445 行.
SQL: UPDATE `zdb_org_goods_convert` SET `goods_base_price`='100',`goods_jin_price`='10' WHERE `org_parent_id` = 1 AND `cv_id` = 34 [ RunTime:0.0000s ]
INFO: [ app_end ] --START--
INFO: Run Behavior\ShowPageTraceBehavior [ RunTime:0.000000s ]
INFO: [ app_end ] --END-- [ RunTime:0.000000s ]

[ 2016-11-14T09:51:04+08:00 ] ::1 /yiyao/index.php/Dealer/GoodsPrices/setPrice?r=1479088264519&cv_id=35
INFO: [ app_begin ] --START--
INFO: Run Behavior\ReadHtmlCacheBehavior [ RunTime:0.000000s ]
INFO: [ app_begin ] --END-- [ RunTime:0.001000s ]
INFO: [ action_begin ] --START--
INFO: Run Common\Behavior\MainBehavior [ RunTime:0.001000s ]
INFO: [ action_begin ] --END-- [ RunTime:0.001000s ]
SQL: SHOW COLUMNS FROM `zdb_org_goods_convert` [ RunTime:0.0060s ]
SQL: SELECT * FROM `zdb_org_goods_convert` WHERE `cv_id` = 35 AND `org_parent_id` = 1 LIMIT 1   [ RunTime:0.0010s ]
INFO: [ view_parse ] --START--
INFO: [ template_filter ] --START--
INFO: Run Behavior\ContentReplaceBehavior [ RunTime:0.000000s ]
INFO: [ template_filter ] --END-- [ RunTime:0.000000s ]
INFO: Run Behavior\ParseTemplateBehavior [ RunTime:0.006000s ]
INFO: [ view_parse ] --END-- [ RunTime:0.006000s ]
INFO: [ view_filter ] --START--
INFO: Run Behavior\WriteHtmlCacheBehavior [ RunTime:0.001000s ]
INFO: [ view_filter ] --END-- [ RunTime:0.001000s ]
INFO: [ app_end ] --START--
INFO: Run Behavior\ShowPageTraceBehavior [ RunTime:0.000000s ]
INFO: [ app_end ] --END-- [ RunTime:0.000000s ]

[ 2016-11-14T09:51:09+08:00 ] ::1 /yiyao/index.php/Dealer/GoodsPrices/setPriceEx
INFO: [ app_begin ] --START--
INFO: Run Behavior\ReadHtmlCacheBehavior [ RunTime:0.001000s ]
INFO: [ app_begin ] --END-- [ RunTime:0.001000s ]
INFO: [ action_begin ] --START--
INFO: Run Common\Behavior\MainBehavior [ RunTime:0.001000s ]
INFO: [ action_begin ] --END-- [ RunTime:0.001000s ]
SQL: SHOW COLUMNS FROM `zdb_org_goods_convert` [ RunTime:0.0060s ]
NOTIC: [2] Illegal offset type in isset or empty D:\xampp\htdocs\yiyao\ThinkPHP\Library\Think\Model.class.php 第 445 行.
SQL: UPDATE `zdb_org_goods_convert` SET `goods_base_price`='100',`goods_jin_price`='10' WHERE `org_parent_id` = 1 AND `cv_id` = 35 [ RunTime:0.0000s ]
INFO: [ app_end ] --START--
INFO: Run Behavior\ShowPageTraceBehavior [ RunTime:0.002000s ]
INFO: [ app_end ] --END-- [ RunTime:0.002000s ]

[ 2016-11-14T09:51:13+08:00 ] ::1 /yiyao/index.php/Dealer/GoodsPrices/setPrice?r=1479088273123&cv_id=36
INFO: [ app_begin ] --START--
INFO: Run Behavior\ReadHtmlCacheBehavior [ RunTime:0.001000s ]
INFO: [ app_begin ] --END-- [ RunTime:0.001000s ]
INFO: [ action_begin ] --START--
INFO: Run Common\Behavior\MainBehavior [ RunTime:0.001000s ]
INFO: [ action_begin ] --END-- [ RunTime:0.001000s ]
SQL: SHOW COLUMNS FROM `zdb_org_goods_convert` [ RunTime:0.0080s ]
SQL: SELECT * FROM `zdb_org_goods_convert` WHERE `cv_id` = 36 AND `org_parent_id` = 1 LIMIT 1   [ RunTime:0.0000s ]
INFO: [ view_parse ] --START--
INFO: [ template_filter ] --START--
INFO: Run Behavior\ContentReplaceBehavior [ RunTime:0.000000s ]
INFO: [ template_filter ] --END-- [ RunTime:0.000000s ]
INFO: Run Behavior\ParseTemplateBehavior [ RunTime:0.005000s ]
INFO: [ view_parse ] --END-- [ RunTime:0.005000s ]
INFO: [ view_filter ] --START--
INFO: Run Behavior\WriteHtmlCacheBehavior [ RunTime:0.000000s ]
INFO: [ view_filter ] --END-- [ RunTime:0.000000s ]
INFO: [ app_end ] --START--
INFO: Run Behavior\ShowPageTraceBehavior [ RunTime:0.000000s ]
INFO: [ app_end ] --END-- [ RunTime:0.001000s ]

[ 2016-11-14T09:51:20+08:00 ] ::1 /yiyao/index.php/Dealer/GoodsPrices/setPriceEx
INFO: [ app_begin ] --START--
INFO: Run Behavior\ReadHtmlCacheBehavior [ RunTime:0.003000s ]
INFO: [ app_begin ] --END-- [ RunTime:0.003000s ]
INFO: [ action_begin ] --START--
INFO: Run Common\Behavior\MainBehavior [ RunTime:0.001000s ]
INFO: [ action_begin ] --END-- [ RunTime:0.001000s ]
SQL: SHOW COLUMNS FROM `zdb_org_goods_convert` [ RunTime:0.0050s ]
NOTIC: [2] Illegal offset type in isset or empty D:\xampp\htdocs\yiyao\ThinkPHP\Library\Think\Model.class.php 第 445 行.
SQL: UPDATE `zdb_org_goods_convert` SET `goods_base_price`='100',`goods_jin_price`='10' WHERE `org_parent_id` = 1 AND `cv_id` = 36 [ RunTime:0.0000s ]
INFO: [ app_end ] --START--
INFO: Run Behavior\ShowPageTraceBehavior [ RunTime:0.001000s ]
INFO: [ app_end ] --END-- [ RunTime:0.001000s ]

[ 2016-11-14T09:51:22+08:00 ] ::1 /yiyao/index.php/Dealer/GoodsPrices/setPrice?r=1479088282452&cv_id=37
INFO: [ app_begin ] --START--
INFO: Run Behavior\ReadHtmlCacheBehavior [ RunTime:0.001000s ]
INFO: [ app_begin ] --END-- [ RunTime:0.001000s ]
INFO: [ action_begin ] --START--
INFO: Run Common\Behavior\MainBehavior [ RunTime:0.001000s ]
INFO: [ action_begin ] --END-- [ RunTime:0.001000s ]
SQL: SHOW COLUMNS FROM `zdb_org_goods_convert` [ RunTime:0.0080s ]
SQL: SELECT * FROM `zdb_org_goods_convert` WHERE `cv_id` = 37 AND `org_parent_id` = 1 LIMIT 1   [ RunTime:0.0010s ]
INFO: [ view_parse ] --START--
INFO: [ template_filter ] --START--
INFO: Run Behavior\ContentReplaceBehavior [ RunTime:0.000000s ]
INFO: [ template_filter ] --END-- [ RunTime:0.000000s ]
INFO: Run Behavior\ParseTemplateBehavior [ RunTime:0.008000s ]
INFO: [ view_parse ] --END-- [ RunTime:0.008000s ]
INFO: [ view_filter ] --START--
INFO: Run Behavior\WriteHtmlCacheBehavior [ RunTime:0.000000s ]
INFO: [ view_filter ] --END-- [ RunTime:0.000000s ]
INFO: [ app_end ] --START--
INFO: Run Behavior\ShowPageTraceBehavior [ RunTime:0.002000s ]
INFO: [ app_end ] --END-- [ RunTime:0.002000s ]

[ 2016-11-14T09:51:27+08:00 ] ::1 /yiyao/index.php/Dealer/GoodsPrices/setPriceEx
INFO: [ app_begin ] --START--
INFO: Run Behavior\ReadHtmlCacheBehavior [ RunTime:0.001000s ]
INFO: [ app_begin ] --END-- [ RunTime:0.001000s ]
INFO: [ action_begin ] --START--
INFO: Run Common\Behavior\MainBehavior [ RunTime:0.000000s ]
INFO: [ action_begin ] --END-- [ RunTime:0.001000s ]
SQL: SHOW COLUMNS FROM `zdb_org_goods_convert` [ RunTime:0.0080s ]
NOTIC: [2] Illegal offset type in isset or empty D:\xampp\htdocs\yiyao\ThinkPHP\Library\Think\Model.class.php 第 445 行.
SQL: UPDATE `zdb_org_goods_convert` SET `goods_base_price`='100',`goods_jin_price`='10' WHERE `org_parent_id` = 1 AND `cv_id` = 37 [ RunTime:0.0000s ]
INFO: [ app_end ] --START--
INFO: Run Behavior\ShowPageTraceBehavior [ RunTime:0.000000s ]
INFO: [ app_end ] --END-- [ RunTime:0.000000s ]

[ 2016-11-14T09:51:31+08:00 ] ::1 /yiyao/index.php/Dealer/GoodsPrices/setPrice?r=1479088291418&cv_id=38
INFO: [ app_begin ] --START--
INFO: Run Behavior\ReadHtmlCacheBehavior [ RunTime:0.000000s ]
INFO: [ app_begin ] --END-- [ RunTime:0.001000s ]
INFO: [ action_begin ] --START--
INFO: Run Common\Behavior\MainBehavior [ RunTime:0.000000s ]
INFO: [ action_begin ] --END-- [ RunTime:0.000000s ]
SQL: SHOW COLUMNS FROM `zdb_org_goods_convert` [ RunTime:0.0080s ]
SQL: SELECT * FROM `zdb_org_goods_convert` WHERE `cv_id` = 38 AND `org_parent_id` = 1 LIMIT 1   [ RunTime:0.0010s ]
INFO: [ view_parse ] --START--
INFO: [ template_filter ] --START--
INFO: Run Behavior\ContentReplaceBehavior [ RunTime:0.000000s ]
INFO: [ template_filter ] --END-- [ RunTime:0.000000s ]
INFO: Run Behavior\ParseTemplateBehavior [ RunTime:0.008000s ]
INFO: [ view_parse ] --END-- [ RunTime:0.008000s ]
INFO: [ view_filter ] --START--
INFO: Run Behavior\WriteHtmlCacheBehavior [ RunTime:0.000000s ]
INFO: [ view_filter ] --END-- [ RunTime:0.000000s ]
INFO: [ app_end ] --START--
INFO: Run Behavior\ShowPageTraceBehavior [ RunTime:0.001000s ]
INFO: [ app_end ] --END-- [ RunTime:0.001000s ]

[ 2016-11-14T09:51:36+08:00 ] ::1 /yiyao/index.php/Dealer/GoodsPrices/setPriceEx
INFO: [ app_begin ] --START--
INFO: Run Behavior\ReadHtmlCacheBehavior [ RunTime:0.000000s ]
INFO: [ app_begin ] --END-- [ RunTime:0.001000s ]
INFO: [ action_begin ] --START--
INFO: Run Common\Behavior\MainBehavior [ RunTime:0.001000s ]
INFO: [ action_begin ] --END-- [ RunTime:0.001000s ]
SQL: SHOW COLUMNS FROM `zdb_org_goods_convert` [ RunTime:0.0080s ]
NOTIC: [2] Illegal offset type in isset or empty D:\xampp\htdocs\yiyao\ThinkPHP\Library\Think\Model.class.php 第 445 行.
SQL: UPDATE `zdb_org_goods_convert` SET `goods_base_price`='100',`goods_jin_price`='10' WHERE `org_parent_id` = 1 AND `cv_id` = 38 [ RunTime:0.0010s ]
INFO: [ app_end ] --START--
INFO: Run Behavior\ShowPageTraceBehavior [ RunTime:0.001000s ]
INFO: [ app_end ] --END-- [ RunTime:0.001000s ]

[ 2016-11-14T09:51:39+08:00 ] ::1 /yiyao/index.php/Dealer/GoodsPrices/setPrice?r=1479088299283&cv_id=39
INFO: [ app_begin ] --START--
INFO: Run Behavior\ReadHtmlCacheBehavior [ RunTime:0.000000s ]
INFO: [ app_begin ] --END-- [ RunTime:0.001000s ]
INFO: [ action_begin ] --START--
INFO: Run Common\Behavior\MainBehavior [ RunTime:0.000000s ]
INFO: [ action_begin ] --END-- [ RunTime:0.000000s ]
SQL: SHOW COLUMNS FROM `zdb_org_goods_convert` [ RunTime:0.0080s ]
SQL: SELECT * FROM `zdb_org_goods_convert` WHERE `cv_id` = 39 AND `org_parent_id` = 1 LIMIT 1   [ RunTime:0.0000s ]
INFO: [ view_parse ] --START--
INFO: [ template_filter ] --START--
INFO: Run Behavior\ContentReplaceBehavior [ RunTime:0.000000s ]
INFO: [ template_filter ] --END-- [ RunTime:0.000000s ]
INFO: Run Behavior\ParseTemplateBehavior [ RunTime:0.010000s ]
INFO: [ view_parse ] --END-- [ RunTime:0.010000s ]
INFO: [ view_filter ] --START--
INFO: Run Behavior\WriteHtmlCacheBehavior [ RunTime:0.001000s ]
INFO: [ view_filter ] --END-- [ RunTime:0.001000s ]
INFO: [ app_end ] --START--
INFO: Run Behavior\ShowPageTraceBehavior [ RunTime:0.001000s ]
INFO: [ app_end ] --END-- [ RunTime:0.001000s ]

[ 2016-11-14T09:51:44+08:00 ] ::1 /yiyao/index.php/Dealer/GoodsPrices/setPriceEx
INFO: [ app_begin ] --START--
INFO: Run Behavior\ReadHtmlCacheBehavior [ RunTime:0.000000s ]
INFO: [ app_begin ] --END-- [ RunTime:0.002000s ]
INFO: [ action_begin ] --START--
INFO: Run Common\Behavior\MainBehavior [ RunTime:0.001000s ]
INFO: [ action_begin ] --END-- [ RunTime:0.001000s ]
SQL: SHOW COLUMNS FROM `zdb_org_goods_convert` [ RunTime:0.0070s ]
NOTIC: [2] Illegal offset type in isset or empty D:\xampp\htdocs\yiyao\ThinkPHP\Library\Think\Model.class.php 第 445 行.
SQL: UPDATE `zdb_org_goods_convert` SET `goods_base_price`='100',`goods_jin_price`='10' WHERE `org_parent_id` = 1 AND `cv_id` = 39 [ RunTime:0.0010s ]
INFO: [ app_end ] --START--
INFO: Run Behavior\ShowPageTraceBehavior [ RunTime:0.002000s ]
INFO: [ app_end ] --END-- [ RunTime:0.002000s ]

[ 2016-11-14T09:51:48+08:00 ] ::1 /yiyao/index.php/Dealer/GoodsPrices/setPrice?r=1479088308071&cv_id=40
INFO: [ app_begin ] --START--
INFO: Run Behavior\ReadHtmlCacheBehavior [ RunTime:0.000000s ]
INFO: [ app_begin ] --END-- [ RunTime:0.001000s ]
INFO: [ action_begin ] --START--
INFO: Run Common\Behavior\MainBehavior [ RunTime:0.000000s ]
INFO: [ action_begin ] --END-- [ RunTime:0.000000s ]
SQL: SHOW COLUMNS FROM `zdb_org_goods_convert` [ RunTime:0.0060s ]
SQL: SELECT * FROM `zdb_org_goods_convert` WHERE `cv_id` = 40 AND `org_parent_id` = 1 LIMIT 1   [ RunTime:0.0010s ]
INFO: [ view_parse ] --START--
INFO: [ template_filter ] --START--
INFO: Run Behavior\ContentReplaceBehavior [ RunTime:0.000000s ]
INFO: [ template_filter ] --END-- [ RunTime:0.000000s ]
INFO: Run Behavior\ParseTemplateBehavior [ RunTime:0.007000s ]
INFO: [ view_parse ] --END-- [ RunTime:0.007000s ]
INFO: [ view_filter ] --START--
INFO: Run Behavior\WriteHtmlCacheBehavior [ RunTime:0.000000s ]
INFO: [ view_filter ] --END-- [ RunTime:0.000000s ]
INFO: [ app_end ] --START--
INFO: Run Behavior\ShowPageTraceBehavior [ RunTime:0.000000s ]
INFO: [ app_end ] --END-- [ RunTime:0.000000s ]

[ 2016-11-14T09:51:53+08:00 ] ::1 /yiyao/index.php/Dealer/GoodsPrices/setPriceEx
INFO: [ app_begin ] --START--
INFO: Run Behavior\ReadHtmlCacheBehavior [ RunTime:0.001000s ]
INFO: [ app_begin ] --END-- [ RunTime:0.001000s ]
INFO: [ action_begin ] --START--
INFO: Run Common\Behavior\MainBehavior [ RunTime:0.001000s ]
INFO: [ action_begin ] --END-- [ RunTime:0.001000s ]
SQL: SHOW COLUMNS FROM `zdb_org_goods_convert` [ RunTime:0.0070s ]
NOTIC: [2] Illegal offset type in isset or empty D:\xampp\htdocs\yiyao\ThinkPHP\Library\Think\Model.class.php 第 445 行.
SQL: UPDATE `zdb_org_goods_convert` SET `goods_base_price`='100',`goods_jin_price`='10' WHERE `org_parent_id` = 1 AND `cv_id` = 40 [ RunTime:0.0010s ]
INFO: [ app_end ] --START--
INFO: Run Behavior\ShowPageTraceBehavior [ RunTime:0.001000s ]
INFO: [ app_end ] --END-- [ RunTime:0.001000s ]

[ 2016-11-14T09:51:55+08:00 ] ::1 /yiyao/index.php/Dealer/GoodsPrices/setPrice?r=1479088315845&cv_id=41
INFO: [ app_begin ] --START--
INFO: Run Behavior\ReadHtmlCacheBehavior [ RunTime:0.001000s ]
INFO: [ app_begin ] --END-- [ RunTime:0.001000s ]
INFO: [ action_begin ] --START--
INFO: Run Common\Behavior\MainBehavior [ RunTime:0.000000s ]
INFO: [ action_begin ] --END-- [ RunTime:0.000000s ]
SQL: SHOW COLUMNS FROM `zdb_org_goods_convert` [ RunTime:0.0050s ]
SQL: SELECT * FROM `zdb_org_goods_convert` WHERE `cv_id` = 41 AND `org_parent_id` = 1 LIMIT 1   [ RunTime:0.0010s ]
INFO: [ view_parse ] --START--
INFO: [ template_filter ] --START--
INFO: Run Behavior\ContentReplaceBehavior [ RunTime:0.000000s ]
INFO: [ template_filter ] --END-- [ RunTime:0.000000s ]
INFO: Run Behavior\ParseTemplateBehavior [ RunTime:0.007000s ]
INFO: [ view_parse ] --END-- [ RunTime:0.007000s ]
INFO: [ view_filter ] --START--
INFO: Run Behavior\WriteHtmlCacheBehavior [ RunTime:0.000000s ]
INFO: [ view_filter ] --END-- [ RunTime:0.000000s ]
INFO: [ app_end ] --START--
INFO: Run Behavior\ShowPageTraceBehavior [ RunTime:0.001000s ]
INFO: [ app_end ] --END-- [ RunTime:0.001000s ]

[ 2016-11-14T09:52:01+08:00 ] ::1 /yiyao/index.php/Dealer/GoodsPrices/setPriceEx
INFO: [ app_begin ] --START--
INFO: Run Behavior\ReadHtmlCacheBehavior [ RunTime:0.001000s ]
INFO: [ app_begin ] --END-- [ RunTime:0.001000s ]
INFO: [ action_begin ] --START--
INFO: Run Common\Behavior\MainBehavior [ RunTime:0.001000s ]
INFO: [ action_begin ] --END-- [ RunTime:0.001000s ]
SQL: SHOW COLUMNS FROM `zdb_org_goods_convert` [ RunTime:0.0060s ]
NOTIC: [2] Illegal offset type in isset or empty D:\xampp\htdocs\yiyao\ThinkPHP\Library\Think\Model.class.php 第 445 行.
SQL: UPDATE `zdb_org_goods_convert` SET `goods_base_price`='100',`goods_jin_price`='10' WHERE `org_parent_id` = 1 AND `cv_id` = 41 [ RunTime:0.0010s ]
INFO: [ app_end ] --START--
INFO: Run Behavior\ShowPageTraceBehavior [ RunTime:0.002000s ]
INFO: [ app_end ] --END-- [ RunTime:0.002000s ]

[ 2016-11-14T09:52:54+08:00 ] ::1 /yiyao/index.php/Dealer/GoodsPrices/setDefaultUnit.html?gid=17&uid=2&r=1479088374557
INFO: [ app_begin ] --START--
INFO: Run Behavior\ReadHtmlCacheBehavior [ RunTime:0.001000s ]
INFO: [ app_begin ] --END-- [ RunTime:0.001000s ]
INFO: [ action_begin ] --START--
INFO: Run Common\Behavior\MainBehavior [ RunTime:0.002000s ]
INFO: [ action_begin ] --END-- [ RunTime:0.002000s ]
SQL: SHOW COLUMNS FROM `zdb_org_goods_convert` [ RunTime:0.0000s ]
NOTIC: [2] Illegal offset type in isset or empty D:\xampp\htdocs\yiyao\ThinkPHP\Library\Think\Model.class.php 第 445 行.
SQL: UPDATE `zdb_org_goods_convert` SET `unit_default`='0' WHERE `org_parent_id` = 1 AND `goods_id` = 17 [ RunTime:0.0000s ]
NOTIC: [2] Illegal offset type in isset or empty D:\xampp\htdocs\yiyao\ThinkPHP\Library\Think\Model.class.php 第 445 行.
SQL: UPDATE `zdb_org_goods_convert` SET `unit_default`='1' WHERE `org_parent_id` = 1 AND `goods_id` = 17 AND `goods_unit_type` = 2 [ RunTime:0.0000s ]
INFO: [ app_end ] --START--
INFO: Run Behavior\ShowPageTraceBehavior [ RunTime:0.000000s ]
INFO: [ app_end ] --END-- [ RunTime:0.000000s ]

[ 2016-11-14T09:52:58+08:00 ] ::1 /yiyao/index.php/Dealer/GoodsPrices/setDefaultUnit.html?gid=15&uid=2&r=1479088378511
INFO: [ app_begin ] --START--
INFO: Run Behavior\ReadHtmlCacheBehavior [ RunTime:0.001000s ]
INFO: [ app_begin ] --END-- [ RunTime:0.001000s ]
INFO: [ action_begin ] --START--
INFO: Run Common\Behavior\MainBehavior [ RunTime:0.001000s ]
INFO: [ action_begin ] --END-- [ RunTime:0.001000s ]
SQL: SHOW COLUMNS FROM `zdb_org_goods_convert` [ RunTime:0.0200s ]
NOTIC: [2] Illegal offset type in isset or empty D:\xampp\htdocs\yiyao\ThinkPHP\Library\Think\Model.class.php 第 445 行.
SQL: UPDATE `zdb_org_goods_convert` SET `unit_default`='0' WHERE `org_parent_id` = 1 AND `goods_id` = 15 [ RunTime:0.0000s ]
NOTIC: [2] Illegal offset type in isset or empty D:\xampp\htdocs\yiyao\ThinkPHP\Library\Think\Model.class.php 第 445 行.
SQL: UPDATE `zdb_org_goods_convert` SET `unit_default`='1' WHERE `org_parent_id` = 1 AND `goods_id` = 15 AND `goods_unit_type` = 2 [ RunTime:0.0000s ]
INFO: [ app_end ] --START--
INFO: Run Behavior\ShowPageTraceBehavior [ RunTime:0.000000s ]
INFO: [ app_end ] --END-- [ RunTime:0.000000s ]

[ 2016-11-14T09:53:01+08:00 ] ::1 /yiyao/index.php/Dealer/GoodsPrices/setDefaultUnit.html?gid=14&uid=2&r=1479088381075
INFO: [ app_begin ] --START--
INFO: Run Behavior\ReadHtmlCacheBehavior [ RunTime:0.000000s ]
INFO: [ app_begin ] --END-- [ RunTime:0.000000s ]
INFO: [ action_begin ] --START--
INFO: Run Common\Behavior\MainBehavior [ RunTime:0.001000s ]
INFO: [ action_begin ] --END-- [ RunTime:0.001000s ]
SQL: SHOW COLUMNS FROM `zdb_org_goods_convert` [ RunTime:0.0050s ]
NOTIC: [2] Illegal offset type in isset or empty D:\xampp\htdocs\yiyao\ThinkPHP\Library\Think\Model.class.php 第 445 行.
SQL: UPDATE `zdb_org_goods_convert` SET `unit_default`='0' WHERE `org_parent_id` = 1 AND `goods_id` = 14 [ RunTime:0.0010s ]
NOTIC: [2] Illegal offset type in isset or empty D:\xampp\htdocs\yiyao\ThinkPHP\Library\Think\Model.class.php 第 445 行.
SQL: UPDATE `zdb_org_goods_convert` SET `unit_default`='1' WHERE `org_parent_id` = 1 AND `goods_id` = 14 AND `goods_unit_type` = 2 [ RunTime:0.0010s ]
INFO: [ app_end ] --START--
INFO: Run Behavior\ShowPageTraceBehavior [ RunTime:0.001000s ]
INFO: [ app_end ] --END-- [ RunTime:0.001000s ]

[ 2016-11-14T09:53:02+08:00 ] ::1 /yiyao/index.php/Dealer/GoodsPrices/setDefaultUnit.html?gid=13&uid=2&r=1479088382024
INFO: [ app_begin ] --START--
INFO: Run Behavior\ReadHtmlCacheBehavior [ RunTime:0.001000s ]
INFO: [ app_begin ] --END-- [ RunTime:0.001000s ]
INFO: [ action_begin ] --START--
INFO: Run Common\Behavior\MainBehavior [ RunTime:0.001000s ]
INFO: [ action_begin ] --END-- [ RunTime:0.001000s ]
SQL: SHOW COLUMNS FROM `zdb_org_goods_convert` [ RunTime:0.0050s ]
NOTIC: [2] Illegal offset type in isset or empty D:\xampp\htdocs\yiyao\ThinkPHP\Library\Think\Model.class.php 第 445 行.
SQL: UPDATE `zdb_org_goods_convert` SET `unit_default`='0' WHERE `org_parent_id` = 1 AND `goods_id` = 13 [ RunTime:0.0010s ]
NOTIC: [2] Illegal offset type in isset or empty D:\xampp\htdocs\yiyao\ThinkPHP\Library\Think\Model.class.php 第 445 行.
SQL: UPDATE `zdb_org_goods_convert` SET `unit_default`='1' WHERE `org_parent_id` = 1 AND `goods_id` = 13 AND `goods_unit_type` = 2 [ RunTime:0.0010s ]
INFO: [ app_end ] --START--
INFO: Run Behavior\ShowPageTraceBehavior [ RunTime:0.001000s ]
INFO: [ app_end ] --END-- [ RunTime:0.001000s ]

[ 2016-11-14T09:53:05+08:00 ] ::1 /yiyao/index.php/Dealer/GoodsPrices/setDefaultUnit.html?gid=13&uid=1&r=1479088385338
INFO: [ app_begin ] --START--
INFO: Run Behavior\ReadHtmlCacheBehavior [ RunTime:0.000000s ]
INFO: [ app_begin ] --END-- [ RunTime:0.001000s ]
INFO: [ action_begin ] --START--
INFO: Run Common\Behavior\MainBehavior [ RunTime:0.000000s ]
INFO: [ action_begin ] --END-- [ RunTime:0.000000s ]
SQL: SHOW COLUMNS FROM `zdb_org_goods_convert` [ RunTime:0.0050s ]
NOTIC: [2] Illegal offset type in isset or empty D:\xampp\htdocs\yiyao\ThinkPHP\Library\Think\Model.class.php 第 445 行.
SQL: UPDATE `zdb_org_goods_convert` SET `unit_default`='0' WHERE `org_parent_id` = 1 AND `goods_id` = 13 [ RunTime:0.0000s ]
NOTIC: [2] Illegal offset type in isset or empty D:\xampp\htdocs\yiyao\ThinkPHP\Library\Think\Model.class.php 第 445 行.
SQL: UPDATE `zdb_org_goods_convert` SET `unit_default`='1' WHERE `org_parent_id` = 1 AND `goods_id` = 13 AND `goods_unit_type` = 1 [ RunTime:0.0000s ]
INFO: [ app_end ] --START--
INFO: Run Behavior\ShowPageTraceBehavior [ RunTime:0.000000s ]
INFO: [ app_end ] --END-- [ RunTime:0.000000s ]

