[ 2016-11-21T16:23:38+08:00 ] 127.0.0.1 /
ERR: SQLSTATE[HY000] [2002] ÓÉÓÚÄ¿±ê¼ÆËã»ú»ý¼«¾Ü¾ø£¬ÎÞ·¨Á¬½Ó¡£


[ 2016-11-21T16:26:47+08:00 ] 127.0.0.1 /index.php/Home/CarportApply/getCarApply.html
INFO: [ app_begin ] --START--
INFO: Run Behavior\ReadHtmlCacheBehavior [ RunTime:0.001000s ]
INFO: [ app_begin ] --END-- [ RunTime:0.001000s ]
ERR: æ— æ³•åŠ è½½æŽ§åˆ¶å™¨:Home

[ 2016-11-21T16:26:56+08:00 ] 127.0.0.1 /index.php/Home/CarportApply/getCarApply.html
INFO: [ app_begin ] --START--
INFO: Run Behavior\ReadHtmlCacheBehavior [ RunTime:0.001000s ]
INFO: [ app_begin ] --END-- [ RunTime:0.001000s ]
ERR: æ— æ³•åŠ è½½æŽ§åˆ¶å™¨:Home

[ 2016-11-21T16:30:19+08:00 ] 127.0.0.1 /index.php/Home/CarportApply/getCarApply.html
INFO: [ app_begin ] --START--
INFO: Run Behavior\ReadHtmlCacheBehavior [ RunTime:0.001000s ]
INFO: [ app_begin ] --END-- [ RunTime:0.001000s ]
ERR: æ— æ³•åŠ è½½æŽ§åˆ¶å™¨:Home

[ 2016-11-21T16:30:45+08:00 ] 127.0.0.1 /index.php/Home/CarportApply/getCarApply.html
INFO: [ app_begin ] --START--
INFO: Run Behavior\ReadHtmlCacheBehavior [ RunTime:0.001000s ]
INFO: [ app_begin ] --END-- [ RunTime:0.001000s ]
ERR: æ— æ³•åŠ è½½æŽ§åˆ¶å™¨:Home

[ 2016-11-21T16:30:58+08:00 ] 127.0.0.1 /index.php/Home/CarportApply/getCarApply.html
INFO: [ app_begin ] --START--
INFO: Run Behavior\ReadHtmlCacheBehavior [ RunTime:0.000000s ]
INFO: [ app_begin ] --END-- [ RunTime:0.001000s ]
ERR: æ— æ³•åŠ è½½æŽ§åˆ¶å™¨:Home

[ 2016-11-21T16:35:41+08:00 ] 127.0.0.1 /index.php/Home/CarportApply/getCarApply.html
INFO: [ app_begin ] --START--
INFO: Run Behavior\ReadHtmlCacheBehavior [ RunTime:0.001000s ]
INFO: [ app_begin ] --END-- [ RunTime:0.002000s ]
ERR: æ— æ³•åŠ è½½æŽ§åˆ¶å™¨:Home

[ 2016-11-21T16:37:23+08:00 ] 127.0.0.1 /index.php/Home/CarportApply/getCarApply.html
INFO: [ app_begin ] --START--
INFO: Run Behavior\ReadHtmlCacheBehavior [ RunTime:0.001000s ]
INFO: [ app_begin ] --END-- [ RunTime:0.002000s ]
ERR: æ— æ³•åŠ è½½æŽ§åˆ¶å™¨:Home

[ 2016-11-21T16:37:29+08:00 ] 127.0.0.1 /index.php/Home/CarportApply/getCarApply.html
INFO: [ app_begin ] --START--
INFO: Run Behavior\ReadHtmlCacheBehavior [ RunTime:0.000000s ]
INFO: [ app_begin ] --END-- [ RunTime:0.001000s ]
ERR: æ— æ³•åŠ è½½æŽ§åˆ¶å™¨:Home

[ 2016-11-21T16:38:04+08:00 ] 127.0.0.1 /index.php/Home/CarportApply/getCarApply.html
INFO: [ app_begin ] --START--
INFO: Run Behavior\ReadHtmlCacheBehavior [ RunTime:0.000000s ]
INFO: [ app_begin ] --END-- [ RunTime:0.001000s ]
ERR: æ— æ³•åŠ è½½æŽ§åˆ¶å™¨:Home

[ 2016-11-21T16:42:00+08:00 ] 127.0.0.1 /index.php/Home/CarportApply/getCarApply.html
INFO: [ app_begin ] --START--
INFO: Run Behavior\ReadHtmlCacheBehavior [ RunTime:0.000000s ]
INFO: [ app_begin ] --END-- [ RunTime:0.001000s ]
ERR: æ— æ³•åŠ è½½æŽ§åˆ¶å™¨:Home

[ 2016-11-21T16:43:50+08:00 ] 127.0.0.1 /index.php/Home/CarportApply/getCarApply.html
INFO: [ app_begin ] --START--
INFO: Run Behavior\ReadHtmlCacheBehavior [ RunTime:0.001000s ]
INFO: [ app_begin ] --END-- [ RunTime:0.001000s ]
ERR: æ— æ³•åŠ è½½æŽ§åˆ¶å™¨:Home

[ 2016-11-21T16:43:51+08:00 ] 127.0.0.1 /index.php/Home/CarportApply/getCarApply.html
INFO: [ app_begin ] --START--
INFO: Run Behavior\ReadHtmlCacheBehavior [ RunTime:0.000000s ]
INFO: [ app_begin ] --END-- [ RunTime:0.001000s ]
ERR: æ— æ³•åŠ è½½æŽ§åˆ¶å™¨:Home

[ 2016-11-21T16:43:53+08:00 ] 127.0.0.1 /index.php/Home/CarportApply/getCarApply.html
INFO: [ app_begin ] --START--
INFO: Run Behavior\ReadHtmlCacheBehavior [ RunTime:0.001000s ]
INFO: [ app_begin ] --END-- [ RunTime:0.001000s ]
ERR: æ— æ³•åŠ è½½æŽ§åˆ¶å™¨:Home

[ 2016-11-21T16:43:54+08:00 ] 127.0.0.1 /index.php/Home/CarportApply/getCarApply.html
INFO: [ app_begin ] --START--
INFO: Run Behavior\ReadHtmlCacheBehavior [ RunTime:0.001000s ]
INFO: [ app_begin ] --END-- [ RunTime:0.001000s ]
ERR: æ— æ³•åŠ è½½æŽ§åˆ¶å™¨:Home

[ 2016-11-21T16:43:56+08:00 ] 127.0.0.1 /index.php/Home/CarportApply/getCarApply.html
INFO: [ app_begin ] --START--
INFO: Run Behavior\ReadHtmlCacheBehavior [ RunTime:0.000000s ]
INFO: [ app_begin ] --END-- [ RunTime:0.001000s ]
ERR: æ— æ³•åŠ è½½æŽ§åˆ¶å™¨:Home

