[ 2016-10-25T08:49:42+08:00 ] 127.0.0.1 /index.php/Home/CarportApply/getCarApply.html
INFO: [ app_begin ] --START--
INFO: Run Behavior\ReadHtmlCacheBehavior [ RunTime:0.001000s ]
INFO: [ app_begin ] --END-- [ RunTime:0.001000s ]
ERR: 无法加载控制器:Home

[ 2016-10-25T08:49:51+08:00 ] 127.0.0.1 /index.php/Home/CarportApply/getCarApply.html
INFO: [ app_begin ] --START--
INFO: Run Behavior\ReadHtmlCacheBehavior [ RunTime:0.001000s ]
INFO: [ app_begin ] --END-- [ RunTime:0.001000s ]
ERR: 无法加载控制器:Home

[ 2016-10-25T08:53:04+08:00 ] 127.0.0.1 /index.php/Home/CarportApply/getCarApply.html
INFO: [ app_begin ] --START--
INFO: Run Behavior\ReadHtmlCacheBehavior [ RunTime:0.001000s ]
INFO: [ app_begin ] --END-- [ RunTime:0.001000s ]
ERR: 无法加载控制器:Home

[ 2016-10-25T08:56:04+08:00 ] 127.0.0.1 /index.php/Home/CarportApply/getCarApply.html
INFO: [ app_begin ] --START--
INFO: Run Behavior\ReadHtmlCacheBehavior [ RunTime:0.000000s ]
INFO: [ app_begin ] --END-- [ RunTime:0.001000s ]
ERR: 无法加载控制器:Home

[ 2016-10-25T08:56:12+08:00 ] 127.0.0.1 /index.php/Home/CarportApply/getCarApply.html
INFO: [ app_begin ] --START--
INFO: Run Behavior\ReadHtmlCacheBehavior [ RunTime:0.001000s ]
INFO: [ app_begin ] --END-- [ RunTime:0.001000s ]
ERR: 无法加载控制器:Home

[ 2016-10-25T08:56:28+08:00 ] 127.0.0.1 /index.php/Home/CarportApply/getCarApply.html
INFO: [ app_begin ] --START--
INFO: Run Behavior\ReadHtmlCacheBehavior [ RunTime:0.000000s ]
INFO: [ app_begin ] --END-- [ RunTime:0.001000s ]
ERR: 无法加载控制器:Home

[ 2016-10-25T08:56:33+08:00 ] 127.0.0.1 /index.php/Home/CarportApply/getCarApply.html
INFO: [ app_begin ] --START--
INFO: Run Behavior\ReadHtmlCacheBehavior [ RunTime:0.001000s ]
INFO: [ app_begin ] --END-- [ RunTime:0.001000s ]
ERR: 无法加载控制器:Home

[ 2016-10-25T08:56:34+08:00 ] 127.0.0.1 /index.php/Home/CarportApply/getCarApply.html
INFO: [ app_begin ] --START--
INFO: Run Behavior\ReadHtmlCacheBehavior [ RunTime:0.001000s ]
INFO: [ app_begin ] --END-- [ RunTime:0.001000s ]
ERR: 无法加载控制器:Home

[ 2016-10-25T08:57:51+08:00 ] 127.0.0.1 /index.php/Home/CarportApply/getCarApply.html
INFO: [ app_begin ] --START--
INFO: Run Behavior\ReadHtmlCacheBehavior [ RunTime:0.003000s ]
INFO: [ app_begin ] --END-- [ RunTime:0.006000s ]
ERR: 无法加载控制器:Home

[ 2016-10-25T09:00:00+08:00 ] 127.0.0.1 /index.php/Home/CarportApply/getCarApply.html
INFO: [ app_begin ] --START--
INFO: Run Behavior\ReadHtmlCacheBehavior [ RunTime:0.000000s ]
INFO: [ app_begin ] --END-- [ RunTime:0.001000s ]
ERR: 无法加载控制器:Home

[ 2016-10-25T09:10:07+08:00 ] 127.0.0.1 /index.php/Home/CarportApply/getCarApply.html
INFO: [ app_begin ] --START--
INFO: Run Behavior\ReadHtmlCacheBehavior [ RunTime:0.002000s ]
INFO: [ app_begin ] --END-- [ RunTime:0.005000s ]
ERR: 无法加载控制器:Home

[ 2016-10-25T09:10:34+08:00 ] 127.0.0.1 /index.php/Home/CarportApply/getCarApply.html
INFO: [ app_begin ] --START--
INFO: Run Behavior\ReadHtmlCacheBehavior [ RunTime:0.000000s ]
INFO: [ app_begin ] --END-- [ RunTime:0.001000s ]
ERR: 无法加载控制器:Home

[ 2016-10-25T09:11:16+08:00 ] 127.0.0.1 /index.php/Home/CarportApply/getCarApply.html
INFO: [ app_begin ] --START--
INFO: Run Behavior\ReadHtmlCacheBehavior [ RunTime:0.001000s ]
INFO: [ app_begin ] --END-- [ RunTime:0.001000s ]
ERR: 无法加载控制器:Home

[ 2016-10-25T09:12:39+08:00 ] 127.0.0.1 /index.php/Home/CarportApply/getCarApply.html
INFO: [ app_begin ] --START--
INFO: Run Behavior\ReadHtmlCacheBehavior [ RunTime:0.002000s ]
INFO: [ app_begin ] --END-- [ RunTime:0.003000s ]
ERR: 无法加载控制器:Home

[ 2016-10-25T09:18:39+08:00 ] 127.0.0.1 /index.php/Home/CarportApply/getCarApply.html
INFO: [ app_begin ] --START--
INFO: Run Behavior\ReadHtmlCacheBehavior [ RunTime:0.001000s ]
INFO: [ app_begin ] --END-- [ RunTime:0.001000s ]
ERR: 无法加载控制器:Home

[ 2016-10-25T09:18:43+08:00 ] 127.0.0.1 /index.php/Home/CarportApply/getCarApply.html
INFO: [ app_begin ] --START--
INFO: Run Behavior\ReadHtmlCacheBehavior [ RunTime:0.000000s ]
INFO: [ app_begin ] --END-- [ RunTime:0.003000s ]
ERR: 无法加载控制器:Home

[ 2016-10-25T09:33:14+08:00 ] 127.0.0.1 /index.php/Home/CarportApply/getCarApply.html
INFO: [ app_begin ] --START--
INFO: Run Behavior\ReadHtmlCacheBehavior [ RunTime:0.001000s ]
INFO: [ app_begin ] --END-- [ RunTime:0.001000s ]
ERR: 无法加载控制器:Home

[ 2016-10-25T09:45:00+08:00 ] 127.0.0.1 /index.php/Home/CarportApply/getCarApply.html
INFO: [ app_begin ] --START--
INFO: Run Behavior\ReadHtmlCacheBehavior [ RunTime:0.000000s ]
INFO: [ app_begin ] --END-- [ RunTime:0.001000s ]
ERR: 无法加载控制器:Home

