[ 2016-11-16T11:05:37+08:00 ] 127.0.0.1 /index.php/Home/CarportApply/getCarApply.html
INFO: [ app_begin ] --START--
INFO: Run Behavior\ReadHtmlCacheBehavior [ RunTime:0.001000s ]
INFO: [ app_begin ] --END-- [ RunTime:0.004000s ]
ERR: 无法加载控制器:Home

[ 2016-11-16T11:05:40+08:00 ] 127.0.0.1 /index.php/Home/CarportApply/getCarApply.html
INFO: [ app_begin ] --START--
INFO: Run Behavior\ReadHtmlCacheBehavior [ RunTime:0.001000s ]
INFO: [ app_begin ] --END-- [ RunTime:0.001000s ]
ERR: 无法加载控制器:Home

[ 2016-11-16T11:05:45+08:00 ] 127.0.0.1 /index.php/Home/CarportApply/getCarApply.html
INFO: [ app_begin ] --START--
INFO: Run Behavior\ReadHtmlCacheBehavior [ RunTime:0.000000s ]
INFO: [ app_begin ] --END-- [ RunTime:0.001000s ]
ERR: 无法加载控制器:Home

[ 2016-11-16T11:06:21+08:00 ] 127.0.0.1 /index.php/Home/CarportApply/getCarApply.html
INFO: [ app_begin ] --START--
INFO: Run Behavior\ReadHtmlCacheBehavior [ RunTime:0.000000s ]
INFO: [ app_begin ] --END-- [ RunTime:0.001000s ]
ERR: 无法加载控制器:Home

[ 2016-11-16T11:06:28+08:00 ] 127.0.0.1 /index.php/Home/CarportApply/getCarApply.html
INFO: [ app_begin ] --START--
INFO: Run Behavior\ReadHtmlCacheBehavior [ RunTime:0.001000s ]
INFO: [ app_begin ] --END-- [ RunTime:0.001000s ]
ERR: 无法加载控制器:Home

[ 2016-11-16T11:06:40+08:00 ] 127.0.0.1 /index.php/Home/CarportApply/getCarApply.html
INFO: [ app_begin ] --START--
INFO: Run Behavior\ReadHtmlCacheBehavior [ RunTime:0.000000s ]
INFO: [ app_begin ] --END-- [ RunTime:0.001000s ]
ERR: 无法加载控制器:Home

[ 2016-11-16T11:08:17+08:00 ] 127.0.0.1 /index.php/Home/CarportApply/getCarApply.html
INFO: [ app_begin ] --START--
INFO: Run Behavior\ReadHtmlCacheBehavior [ RunTime:0.001000s ]
INFO: [ app_begin ] --END-- [ RunTime:0.001000s ]
ERR: 无法加载控制器:Home

[ 2016-11-16T11:08:20+08:00 ] 127.0.0.1 /index.php/Home/CarportApply/getCarApply.html
INFO: [ app_begin ] --START--
INFO: Run Behavior\ReadHtmlCacheBehavior [ RunTime:0.001000s ]
INFO: [ app_begin ] --END-- [ RunTime:0.001000s ]
ERR: 无法加载控制器:Home

[ 2016-11-16T11:08:25+08:00 ] 127.0.0.1 /index.php/Home/CarportApply/getCarApply.html
INFO: [ app_begin ] --START--
INFO: Run Behavior\ReadHtmlCacheBehavior [ RunTime:0.001000s ]
INFO: [ app_begin ] --END-- [ RunTime:0.002000s ]
ERR: 无法加载控制器:Home

[ 2016-11-16T11:08:27+08:00 ] 127.0.0.1 /index.php/Home/CarportApply/getCarApply.html
INFO: [ app_begin ] --START--
INFO: Run Behavior\ReadHtmlCacheBehavior [ RunTime:0.000000s ]
INFO: [ app_begin ] --END-- [ RunTime:0.000000s ]
ERR: 无法加载控制器:Home

[ 2016-11-16T11:08:32+08:00 ] 127.0.0.1 /index.php/Home/CarportApply/getCarApply.html
INFO: [ app_begin ] --START--
INFO: Run Behavior\ReadHtmlCacheBehavior [ RunTime:0.001000s ]
INFO: [ app_begin ] --END-- [ RunTime:0.001000s ]
ERR: 无法加载控制器:Home

[ 2016-11-16T11:08:59+08:00 ] 127.0.0.1 /index.php/Home/CarportApply/getCarApply.html
INFO: [ app_begin ] --START--
INFO: Run Behavior\ReadHtmlCacheBehavior [ RunTime:0.001000s ]
INFO: [ app_begin ] --END-- [ RunTime:0.001000s ]
ERR: 无法加载控制器:Home

[ 2016-11-16T16:04:08+08:00 ] 127.0.0.1 /index.php/Home/CarportApply/getCarApply.html
INFO: [ app_begin ] --START--
INFO: Run Behavior\ReadHtmlCacheBehavior [ RunTime:0.001000s ]
INFO: [ app_begin ] --END-- [ RunTime:0.003000s ]
ERR: 无法加载控制器:Home

[ 2016-11-16T16:04:11+08:00 ] 127.0.0.1 /index.php/Home/CarportApply/getCarApply.html
INFO: [ app_begin ] --START--
INFO: Run Behavior\ReadHtmlCacheBehavior [ RunTime:0.001000s ]
INFO: [ app_begin ] --END-- [ RunTime:0.001000s ]
ERR: 无法加载控制器:Home

[ 2016-11-16T16:04:17+08:00 ] 127.0.0.1 /index.php/Home/CarportApply/getCarApply.html
INFO: [ app_begin ] --START--
INFO: Run Behavior\ReadHtmlCacheBehavior [ RunTime:0.000000s ]
INFO: [ app_begin ] --END-- [ RunTime:0.001000s ]
ERR: 无法加载控制器:Home

[ 2016-11-16T16:04:20+08:00 ] 127.0.0.1 /index.php/Home/CarportApply/getCarApply.html
INFO: [ app_begin ] --START--
INFO: Run Behavior\ReadHtmlCacheBehavior [ RunTime:0.000000s ]
INFO: [ app_begin ] --END-- [ RunTime:0.001000s ]
ERR: 无法加载控制器:Home

[ 2016-11-16T16:04:21+08:00 ] 127.0.0.1 /index.php/Home/CarportApply/getCarApply.html
INFO: [ app_begin ] --START--
INFO: Run Behavior\ReadHtmlCacheBehavior [ RunTime:0.000000s ]
INFO: [ app_begin ] --END-- [ RunTime:0.001000s ]
ERR: 无法加载控制器:Home

[ 2016-11-16T16:04:22+08:00 ] 127.0.0.1 /index.php/Home/CarportApply/getCarApply.html
INFO: [ app_begin ] --START--
INFO: Run Behavior\ReadHtmlCacheBehavior [ RunTime:0.001000s ]
INFO: [ app_begin ] --END-- [ RunTime:0.001000s ]
ERR: 无法加载控制器:Home

[ 2016-11-16T16:04:22+08:00 ] 127.0.0.1 /index.php/Home/CarportApply/getCarApply.html
INFO: [ app_begin ] --START--
INFO: Run Behavior\ReadHtmlCacheBehavior [ RunTime:0.000000s ]
INFO: [ app_begin ] --END-- [ RunTime:0.001000s ]
ERR: 无法加载控制器:Home

[ 2016-11-16T16:04:23+08:00 ] 127.0.0.1 /index.php/Home/CarportApply/getCarApply.html
INFO: [ app_begin ] --START--
INFO: Run Behavior\ReadHtmlCacheBehavior [ RunTime:0.001000s ]
INFO: [ app_begin ] --END-- [ RunTime:0.001000s ]
ERR: 无法加载控制器:Home

[ 2016-11-16T16:04:24+08:00 ] 127.0.0.1 /index.php/Home/CarportApply/getCarApply.html
INFO: [ app_begin ] --START--
INFO: Run Behavior\ReadHtmlCacheBehavior [ RunTime:0.000000s ]
INFO: [ app_begin ] --END-- [ RunTime:0.001000s ]
ERR: 无法加载控制器:Home

[ 2016-11-16T16:04:30+08:00 ] 127.0.0.1 /index.php/Home/CarportApply/getCarApply.html
INFO: [ app_begin ] --START--
INFO: Run Behavior\ReadHtmlCacheBehavior [ RunTime:0.001000s ]
INFO: [ app_begin ] --END-- [ RunTime:0.002000s ]
ERR: 无法加载控制器:Home

[ 2016-11-16T16:05:58+08:00 ] 127.0.0.1 /index.php/Home/CarportApply/getCarApply.html
INFO: [ app_begin ] --START--
INFO: Run Behavior\ReadHtmlCacheBehavior [ RunTime:0.000000s ]
INFO: [ app_begin ] --END-- [ RunTime:0.001000s ]
ERR: 无法加载控制器:Home

[ 2016-11-16T16:28:58+08:00 ] 127.0.0.1 /index.php/Home/CarportApply/getCarApply.html
INFO: [ app_begin ] --START--
INFO: Run Behavior\ReadHtmlCacheBehavior [ RunTime:0.001000s ]
INFO: [ app_begin ] --END-- [ RunTime:0.001000s ]
ERR: 无法加载控制器:Home

[ 2016-11-16T16:29:03+08:00 ] 127.0.0.1 /index.php/Home/CarportApply/getCarApply.html
INFO: [ app_begin ] --START--
INFO: Run Behavior\ReadHtmlCacheBehavior [ RunTime:0.000000s ]
INFO: [ app_begin ] --END-- [ RunTime:0.003000s ]
ERR: 无法加载控制器:Home

[ 2016-11-16T16:29:06+08:00 ] 127.0.0.1 /index.php/Home/CarportApply/getCarApply.html
INFO: [ app_begin ] --START--
INFO: Run Behavior\ReadHtmlCacheBehavior [ RunTime:0.001000s ]
INFO: [ app_begin ] --END-- [ RunTime:0.001000s ]
ERR: 无法加载控制器:Home

[ 2016-11-16T16:29:45+08:00 ] 127.0.0.1 /index.php/Home/CarportApply/getCarApply.html
INFO: [ app_begin ] --START--
INFO: Run Behavior\ReadHtmlCacheBehavior [ RunTime:0.001000s ]
INFO: [ app_begin ] --END-- [ RunTime:0.001000s ]
ERR: 无法加载控制器:Home

